#-----------------------------------------------------------
# Vivado v2019.1 (64-bit)
# SW Build 2552052 on Fri May 24 14:47:09 MDT 2019
# IP Build 2548770 on Fri May 24 18:01:18 MDT 2019
# Start of session at: Fri Sep  1 12:38:19 2023
# Process ID: 1760846
# Current directory: /home/vs/funtion/verilog/ELD_LAB
# Command line: vivado
# Log file: /home/vs/funtion/verilog/ELD_LAB/vivado.log
# Journal file: /home/vs/funtion/verilog/ELD_LAB/vivado.jou
#-----------------------------------------------------------
start_gui
set_param board.repoPaths {/home/vs/.Xilinx/Vivado/2019.1/xhub/board_store}
xhub::refresh_catalog [xhub::get_xstores xilinx_board_store]
xhub::refresh_catalog: Time (s): cpu = 00:00:20 ; elapsed = 00:02:28 . Memory (MB): peak = 6464.371 ; gain = 0.035 ; free physical = 320 ; free virtual = 3362
xhub::install [xhub::get_xitems -of_objects [xhub::get_xstores xilinx_board_store]]
INFO: [xhubtcl 76-32] Installing object 'em.avnet.com:xilinx_board_store:Ultra96:1.2' ...
INFO: [Common 17-1570] Installing object em.avnet.com:xilinx_board_store:Ultra96:1.2 from remote host https://github.com/Xilinx/XilinxBoardStore.git
INFO: [Common 17-1573] Object em.avnet.com:xilinx_board_store:Ultra96:1.2 has been installed successfully.
INFO: [xhubtcl 76-32] Installing object 'em.avnet.com:xilinx_board_store:picozed_7010_fmc2:1.2' ...
INFO: [Common 17-1570] Installing object em.avnet.com:xilinx_board_store:picozed_7010_fmc2:1.2 from remote host https://github.com/Xilinx/XilinxBoardStore.git
INFO: [Common 17-1573] Object em.avnet.com:xilinx_board_store:picozed_7010_fmc2:1.2 has been installed successfully.
INFO: [xhubtcl 76-32] Installing object 'digilentinc.com:xilinx_board_store:arty:1.1' ...
INFO: [Common 17-1570] Installing object digilentinc.com:xilinx_board_store:arty:1.1 from remote host https://github.com/Xilinx/XilinxBoardStore.git
INFO: [Common 17-1573] Object digilentinc.com:xilinx_board_store:arty:1.1 has been installed successfully.
INFO: [xhubtcl 76-32] Installing object 'digilentinc.com:xilinx_board_store:arty-a7-100:1.0' ...
INFO: [Common 17-1570] Installing object digilentinc.com:xilinx_board_store:arty-a7-100:1.0 from remote host https://github.com/Xilinx/XilinxBoardStore.git
INFO: [Common 17-1573] Object digilentinc.com:xilinx_board_store:arty-a7-100:1.0 has been installed successfully.
INFO: [xhubtcl 76-32] Installing object 'digilentinc.com:xilinx_board_store:arty-a7-35:1.0' ...
INFO: [Common 17-1570] Installing object digilentinc.com:xilinx_board_store:arty-a7-35:1.0 from remote host https://github.com/Xilinx/XilinxBoardStore.git
INFO: [Common 17-1573] Object digilentinc.com:xilinx_board_store:arty-a7-35:1.0 has been installed successfully.
INFO: [xhubtcl 76-32] Installing object 'digilentinc.com:xilinx_board_store:arty-s7-25:1.0' ...
INFO: [Common 17-1570] Installing object digilentinc.com:xilinx_board_store:arty-s7-25:1.0 from remote host https://github.com/Xilinx/XilinxBoardStore.git
INFO: [Common 17-1573] Object digilentinc.com:xilinx_board_store:arty-s7-25:1.0 has been installed successfully.
INFO: [xhubtcl 76-32] Installing object 'digilentinc.com:xilinx_board_store:arty-s7-50:1.0' ...
INFO: [Common 17-1570] Installing object digilentinc.com:xilinx_board_store:arty-s7-50:1.0 from remote host https://github.com/Xilinx/XilinxBoardStore.git
INFO: [Common 17-1573] Object digilentinc.com:xilinx_board_store:arty-s7-50:1.0 has been installed successfully.
INFO: [xhubtcl 76-32] Installing object 'digilentinc.com:xilinx_board_store:arty-z7-10:1.0' ...
INFO: [Common 17-1570] Installing object digilentinc.com:xilinx_board_store:arty-z7-10:1.0 from remote host https://github.com/Xilinx/XilinxBoardStore.git
INFO: [Common 17-1573] Object digilentinc.com:xilinx_board_store:arty-z7-10:1.0 has been installed successfully.
INFO: [xhubtcl 76-32] Installing object 'digilentinc.com:xilinx_board_store:arty-z7-20:1.0' ...
INFO: [Common 17-1570] Installing object digilentinc.com:xilinx_board_store:arty-z7-20:1.0 from remote host https://github.com/Xilinx/XilinxBoardStore.git
INFO: [Common 17-1573] Object digilentinc.com:xilinx_board_store:arty-z7-20:1.0 has been installed successfully.
INFO: [xhubtcl 76-32] Installing object 'digilentinc.com:xilinx_board_store:basys3:1.1' ...
INFO: [Common 17-1570] Installing object digilentinc.com:xilinx_board_store:basys3:1.1 from remote host https://github.com/Xilinx/XilinxBoardStore.git
INFO: [Common 17-1573] Object digilentinc.com:xilinx_board_store:basys3:1.1 has been installed successfully.
INFO: [xhubtcl 76-32] Installing object 'digilentinc.com:xilinx_board_store:cmod-s7-25:1.0' ...
INFO: [Common 17-1570] Installing object digilentinc.com:xilinx_board_store:cmod-s7-25:1.0 from remote host https://github.com/Xilinx/XilinxBoardStore.git
INFO: [Common 17-1573] Object digilentinc.com:xilinx_board_store:cmod-s7-25:1.0 has been installed successfully.
INFO: [xhubtcl 76-32] Installing object 'digilentinc.com:xilinx_board_store:cmod_a7-15t:1.1' ...
INFO: [Common 17-1570] Installing object digilentinc.com:xilinx_board_store:cmod_a7-15t:1.1 from remote host https://github.com/Xilinx/XilinxBoardStore.git
INFO: [Common 17-1573] Object digilentinc.com:xilinx_board_store:cmod_a7-15t:1.1 has been installed successfully.
INFO: [xhubtcl 76-32] Installing object 'digilentinc.com:xilinx_board_store:cmod_a7-35t:1.1' ...
INFO: [Common 17-1570] Installing object digilentinc.com:xilinx_board_store:cmod_a7-35t:1.1 from remote host https://github.com/Xilinx/XilinxBoardStore.git
INFO: [Common 17-1573] Object digilentinc.com:xilinx_board_store:cmod_a7-35t:1.1 has been installed successfully.
INFO: [xhubtcl 76-32] Installing object 'digilentinc.com:xilinx_board_store:cora-z7-07s:1.0' ...
INFO: [Common 17-1570] Installing object digilentinc.com:xilinx_board_store:cora-z7-07s:1.0 from remote host https://github.com/Xilinx/XilinxBoardStore.git
INFO: [Common 17-1573] Object digilentinc.com:xilinx_board_store:cora-z7-07s:1.0 has been installed successfully.
INFO: [xhubtcl 76-32] Installing object 'digilentinc.com:xilinx_board_store:cora-z7-10:1.0' ...
INFO: [Common 17-1570] Installing object digilentinc.com:xilinx_board_store:cora-z7-10:1.0 from remote host https://github.com/Xilinx/XilinxBoardStore.git
INFO: [Common 17-1573] Object digilentinc.com:xilinx_board_store:cora-z7-10:1.0 has been installed successfully.
INFO: [xhubtcl 76-32] Installing object 'digilentinc.com:xilinx_board_store:genesys2:1.1' ...
INFO: [Common 17-1570] Installing object digilentinc.com:xilinx_board_store:genesys2:1.1 from remote host https://github.com/Xilinx/XilinxBoardStore.git
INFO: [Common 17-1573] Object digilentinc.com:xilinx_board_store:genesys2:1.1 has been installed successfully.
INFO: [xhubtcl 76-32] Installing object 'digilentinc.com:xilinx_board_store:nexys4:1.1' ...
INFO: [Common 17-1570] Installing object digilentinc.com:xilinx_board_store:nexys4:1.1 from remote host https://github.com/Xilinx/XilinxBoardStore.git
INFO: [Common 17-1573] Object digilentinc.com:xilinx_board_store:nexys4:1.1 has been installed successfully.
INFO: [xhubtcl 76-32] Installing object 'digilentinc.com:xilinx_board_store:nexys4_ddr:1.1' ...
INFO: [Common 17-1570] Installing object digilentinc.com:xilinx_board_store:nexys4_ddr:1.1 from remote host https://github.com/Xilinx/XilinxBoardStore.git
INFO: [Common 17-1573] Object digilentinc.com:xilinx_board_store:nexys4_ddr:1.1 has been installed successfully.
INFO: [xhubtcl 76-32] Installing object 'digilentinc.com:xilinx_board_store:nexys_video:1.1' ...
INFO: [Common 17-1570] Installing object digilentinc.com:xilinx_board_store:nexys_video:1.1 from remote host https://github.com/Xilinx/XilinxBoardStore.git
INFO: [Common 17-1573] Object digilentinc.com:xilinx_board_store:nexys_video:1.1 has been installed successfully.
INFO: [xhubtcl 76-32] Installing object 'digilentinc.com:xilinx_board_store:sword:1.0' ...
INFO: [Common 17-1570] Installing object digilentinc.com:xilinx_board_store:sword:1.0 from remote host https://github.com/Xilinx/XilinxBoardStore.git
INFO: [Common 17-1573] Object digilentinc.com:xilinx_board_store:sword:1.0 has been installed successfully.
INFO: [xhubtcl 76-32] Installing object 'digilentinc.com:xilinx_board_store:zedboard:1.0' ...
INFO: [Common 17-1570] Installing object digilentinc.com:xilinx_board_store:zedboard:1.0 from remote host https://github.com/Xilinx/XilinxBoardStore.git
INFO: [Common 17-1573] Object digilentinc.com:xilinx_board_store:zedboard:1.0 has been installed successfully.
INFO: [xhubtcl 76-32] Installing object 'digilentinc.com:xilinx_board_store:zybo:1.0' ...
INFO: [Common 17-1570] Installing object digilentinc.com:xilinx_board_store:zybo:1.0 from remote host https://github.com/Xilinx/XilinxBoardStore.git
INFO: [Common 17-1573] Object digilentinc.com:xilinx_board_store:zybo:1.0 has been installed successfully.
INFO: [xhubtcl 76-32] Installing object 'digilentinc.com:xilinx_board_store:zybo-z7-10:1.0' ...
INFO: [Common 17-1570] Installing object digilentinc.com:xilinx_board_store:zybo-z7-10:1.0 from remote host https://github.com/Xilinx/XilinxBoardStore.git
INFO: [Common 17-1573] Object digilentinc.com:xilinx_board_store:zybo-z7-10:1.0 has been installed successfully.
INFO: [xhubtcl 76-32] Installing object 'digilentinc.com:xilinx_board_store:zybo-z7-20:1.0' ...
INFO: [Common 17-1570] Installing object digilentinc.com:xilinx_board_store:zybo-z7-20:1.0 from remote host https://github.com/Xilinx/XilinxBoardStore.git
INFO: [Common 17-1573] Object digilentinc.com:xilinx_board_store:zybo-z7-20:1.0 has been installed successfully.
INFO: [xhubtcl 76-32] Installing object 'em.avnet.com:xilinx_board_store:minized:1.2' ...
INFO: [Common 17-1570] Installing object em.avnet.com:xilinx_board_store:minized:1.2 from remote host https://github.com/Xilinx/XilinxBoardStore.git
INFO: [Common 17-1573] Object em.avnet.com:xilinx_board_store:minized:1.2 has been installed successfully.
INFO: [xhubtcl 76-32] Installing object 'trenz.biz:xilinx_board_store:te0712_100_1i:1.0' ...
INFO: [Common 17-1570] Installing object trenz.biz:xilinx_board_store:te0712_100_1i:1.0 from remote host https://github.com/Xilinx/XilinxBoardStore.git
INFO: [Common 17-1573] Object trenz.biz:xilinx_board_store:te0712_100_1i:1.0 has been installed successfully.
INFO: [xhubtcl 76-32] Installing object 'trenz.biz:xilinx_board_store:te0712_100_2c:1.0' ...
INFO: [Common 17-1570] Installing object trenz.biz:xilinx_board_store:te0712_100_2c:1.0 from remote host https://github.com/Xilinx/XilinxBoardStore.git
INFO: [Common 17-1573] Object trenz.biz:xilinx_board_store:te0712_100_2c:1.0 has been installed successfully.
INFO: [xhubtcl 76-32] Installing object 'trenz.biz:xilinx_board_store:te0712_100_2c:2.0' ...
INFO: [Common 17-1570] Installing object trenz.biz:xilinx_board_store:te0712_100_2c:2.0 from remote host https://github.com/Xilinx/XilinxBoardStore.git
INFO: [Common 17-1573] Object trenz.biz:xilinx_board_store:te0712_100_2c:2.0 has been installed successfully.
INFO: [xhubtcl 76-32] Installing object 'trenz.biz:xilinx_board_store:te0712_200_1i:1.0' ...
INFO: [Common 17-1570] Installing object trenz.biz:xilinx_board_store:te0712_200_1i:1.0 from remote host https://github.com/Xilinx/XilinxBoardStore.git
INFO: [Common 17-1573] Object trenz.biz:xilinx_board_store:te0712_200_1i:1.0 has been installed successfully.
INFO: [xhubtcl 76-32] Installing object 'trenz.biz:xilinx_board_store:te0712_200_2c:1.0' ...
INFO: [Common 17-1570] Installing object trenz.biz:xilinx_board_store:te0712_200_2c:1.0 from remote host https://github.com/Xilinx/XilinxBoardStore.git
INFO: [Common 17-1573] Object trenz.biz:xilinx_board_store:te0712_200_2c:1.0 has been installed successfully.
INFO: [xhubtcl 76-32] Installing object 'trenz.biz:xilinx_board_store:te0712_200_2i:1.0' ...
INFO: [Common 17-1570] Installing object trenz.biz:xilinx_board_store:te0712_200_2i:1.0 from remote host https://github.com/Xilinx/XilinxBoardStore.git
INFO: [Common 17-1573] Object trenz.biz:xilinx_board_store:te0712_200_2i:1.0 has been installed successfully.
INFO: [xhubtcl 76-32] Installing object 'trenz.biz:xilinx_board_store:te0712_35_2i:1.0' ...
INFO: [Common 17-1570] Installing object trenz.biz:xilinx_board_store:te0712_35_2i:1.0 from remote host https://github.com/Xilinx/XilinxBoardStore.git
INFO: [Common 17-1573] Object trenz.biz:xilinx_board_store:te0712_35_2i:1.0 has been installed successfully.
INFO: [xhubtcl 76-32] Installing object 'trenz.biz:xilinx_board_store:te0720_14s:1.0' ...
INFO: [Common 17-1570] Installing object trenz.biz:xilinx_board_store:te0720_14s:1.0 from remote host https://github.com/Xilinx/XilinxBoardStore.git
INFO: [Common 17-1573] Object trenz.biz:xilinx_board_store:te0720_14s:1.0 has been installed successfully.
INFO: [xhubtcl 76-32] Installing object 'trenz.biz:xilinx_board_store:te0720_1c:1.0' ...
INFO: [Common 17-1570] Installing object trenz.biz:xilinx_board_store:te0720_1c:1.0 from remote host https://github.com/Xilinx/XilinxBoardStore.git
INFO: [Common 17-1573] Object trenz.biz:xilinx_board_store:te0720_1c:1.0 has been installed successfully.
INFO: [xhubtcl 76-32] Installing object 'trenz.biz:xilinx_board_store:te0720_1c:2.0' ...
INFO: [Common 17-1570] Installing object trenz.biz:xilinx_board_store:te0720_1c:2.0 from remote host https://github.com/Xilinx/XilinxBoardStore.git
INFO: [Common 17-1573] Object trenz.biz:xilinx_board_store:te0720_1c:2.0 has been installed successfully.
INFO: [xhubtcl 76-32] Installing object 'trenz.biz:xilinx_board_store:te0720_1il:1.0' ...
INFO: [Common 17-1570] Installing object trenz.biz:xilinx_board_store:te0720_1il:1.0 from remote host https://github.com/Xilinx/XilinxBoardStore.git
INFO: [Common 17-1573] Object trenz.biz:xilinx_board_store:te0720_1il:1.0 has been installed successfully.
INFO: [xhubtcl 76-32] Installing object 'trenz.biz:xilinx_board_store:te0720_1q:1.0' ...
INFO: [Common 17-1570] Installing object trenz.biz:xilinx_board_store:te0720_1q:1.0 from remote host https://github.com/Xilinx/XilinxBoardStore.git
INFO: [Common 17-1573] Object trenz.biz:xilinx_board_store:te0720_1q:1.0 has been installed successfully.
INFO: [xhubtcl 76-32] Installing object 'trenz.biz:xilinx_board_store:te0720_2e:1.0' ...
INFO: [Common 17-1570] Installing object trenz.biz:xilinx_board_store:te0720_2e:1.0 from remote host https://github.com/Xilinx/XilinxBoardStore.git
INFO: [Common 17-1573] Object trenz.biz:xilinx_board_store:te0720_2e:1.0 has been installed successfully.
INFO: [xhubtcl 76-32] Installing object 'trenz.biz:xilinx_board_store:te0720_2i:1.0' ...
INFO: [Common 17-1570] Installing object trenz.biz:xilinx_board_store:te0720_2i:1.0 from remote host https://github.com/Xilinx/XilinxBoardStore.git
INFO: [Common 17-1573] Object trenz.biz:xilinx_board_store:te0720_2i:1.0 has been installed successfully.
INFO: [xhubtcl 76-32] Installing object 'trenz.biz:xilinx_board_store:te0722:1.0' ...
INFO: [Common 17-1570] Installing object trenz.biz:xilinx_board_store:te0722:1.0 from remote host https://github.com/Xilinx/XilinxBoardStore.git
INFO: [Common 17-1573] Object trenz.biz:xilinx_board_store:te0722:1.0 has been installed successfully.
INFO: [xhubtcl 76-32] Installing object 'trenz.biz:xilinx_board_store:te0722_7s:1.0' ...
INFO: [Common 17-1570] Installing object trenz.biz:xilinx_board_store:te0722_7s:1.0 from remote host https://github.com/Xilinx/XilinxBoardStore.git
INFO: [Common 17-1573] Object trenz.biz:xilinx_board_store:te0722_7s:1.0 has been installed successfully.
INFO: [xhubtcl 76-32] Installing object 'trenz.biz:xilinx_board_store:te0722_i:1.0' ...
INFO: [Common 17-1570] Installing object trenz.biz:xilinx_board_store:te0722_i:1.0 from remote host https://github.com/Xilinx/XilinxBoardStore.git
INFO: [Common 17-1573] Object trenz.biz:xilinx_board_store:te0722_i:1.0 has been installed successfully.
INFO: [xhubtcl 76-32] Installing object 'trenz.biz:xilinx_board_store:te0724_10_1i:1.0' ...
INFO: [Common 17-1570] Installing object trenz.biz:xilinx_board_store:te0724_10_1i:1.0 from remote host https://github.com/Xilinx/XilinxBoardStore.git
INFO: [Common 17-1573] Object trenz.biz:xilinx_board_store:te0724_10_1i:1.0 has been installed successfully.
INFO: [xhubtcl 76-32] Installing object 'trenz.biz:xilinx_board_store:te0724_20_1i:1.0' ...
INFO: [Common 17-1570] Installing object trenz.biz:xilinx_board_store:te0724_20_1i:1.0 from remote host https://github.com/Xilinx/XilinxBoardStore.git
INFO: [Common 17-1573] Object trenz.biz:xilinx_board_store:te0724_20_1i:1.0 has been installed successfully.
INFO: [xhubtcl 76-32] Installing object 'trenz.biz:xilinx_board_store:te0725lp_100:1.0' ...
INFO: [Common 17-1570] Installing object trenz.biz:xilinx_board_store:te0725lp_100:1.0 from remote host https://github.com/Xilinx/XilinxBoardStore.git
INFO: [Common 17-1573] Object trenz.biz:xilinx_board_store:te0725lp_100:1.0 has been installed successfully.
INFO: [xhubtcl 76-32] Installing object 'trenz.biz:xilinx_board_store:te0725_100_2c:1.0' ...
INFO: [Common 17-1570] Installing object trenz.biz:xilinx_board_store:te0725_100_2c:1.0 from remote host https://github.com/Xilinx/XilinxBoardStore.git
INFO: [Common 17-1573] Object trenz.biz:xilinx_board_store:te0725_100_2c:1.0 has been installed successfully.
INFO: [xhubtcl 76-32] Installing object 'trenz.biz:xilinx_board_store:te0725_100_2i:1.0' ...
INFO: [Common 17-1570] Installing object trenz.biz:xilinx_board_store:te0725_100_2i:1.0 from remote host https://github.com/Xilinx/XilinxBoardStore.git
INFO: [Common 17-1573] Object trenz.biz:xilinx_board_store:te0725_100_2i:1.0 has been installed successfully.
INFO: [xhubtcl 76-32] Installing object 'trenz.biz:xilinx_board_store:te0725_15_1c:1.0' ...
INFO: [Common 17-1570] Installing object trenz.biz:xilinx_board_store:te0725_15_1c:1.0 from remote host https://github.com/Xilinx/XilinxBoardStore.git
INFO: [Common 17-1573] Object trenz.biz:xilinx_board_store:te0725_15_1c:1.0 has been installed successfully.
INFO: [xhubtcl 76-32] Installing object 'trenz.biz:xilinx_board_store:te0725_35_2c:1.0' ...
INFO: [Common 17-1570] Installing object trenz.biz:xilinx_board_store:te0725_35_2c:1.0 from remote host https://github.com/Xilinx/XilinxBoardStore.git
INFO: [Common 17-1573] Object trenz.biz:xilinx_board_store:te0725_35_2c:1.0 has been installed successfully.
INFO: [xhubtcl 76-32] Installing object 'trenz.biz:xilinx_board_store:te0726_01:1.0' ...
INFO: [Common 17-1570] Installing object trenz.biz:xilinx_board_store:te0726_01:1.0 from remote host https://github.com/Xilinx/XilinxBoardStore.git
INFO: [Common 17-1573] Object trenz.biz:xilinx_board_store:te0726_01:1.0 has been installed successfully.
INFO: [xhubtcl 76-32] Installing object 'trenz.biz:xilinx_board_store:te0726_r:2.1' ...
INFO: [Common 17-1570] Installing object trenz.biz:xilinx_board_store:te0726_r:2.1 from remote host https://github.com/Xilinx/XilinxBoardStore.git
INFO: [Common 17-1573] Object trenz.biz:xilinx_board_store:te0726_r:2.1 has been installed successfully.
INFO: [xhubtcl 76-32] Installing object 'trenz.biz:xilinx_board_store:te0726_m:3.1' ...
INFO: [Common 17-1570] Installing object trenz.biz:xilinx_board_store:te0726_m:3.1 from remote host https://github.com/Xilinx/XilinxBoardStore.git
INFO: [Common 17-1573] Object trenz.biz:xilinx_board_store:te0726_m:3.1 has been installed successfully.
INFO: [xhubtcl 76-32] Installing object 'trenz.biz:xilinx_board_store:te0726_7s:3.1' ...
INFO: [Common 17-1570] Installing object trenz.biz:xilinx_board_store:te0726_7s:3.1 from remote host https://github.com/Xilinx/XilinxBoardStore.git
INFO: [Common 17-1573] Object trenz.biz:xilinx_board_store:te0726_7s:3.1 has been installed successfully.
INFO: [xhubtcl 76-32] Installing object 'trenz.biz:xilinx_board_store:te0729_20_2i:1.0' ...
INFO: [Common 17-1570] Installing object trenz.biz:xilinx_board_store:te0729_20_2i:1.0 from remote host https://github.com/Xilinx/XilinxBoardStore.git
INFO: [Common 17-1573] Object trenz.biz:xilinx_board_store:te0729_20_2i:1.0 has been installed successfully.
INFO: [xhubtcl 76-32] Installing object 'trenz.biz:xilinx_board_store:te0729_20_2i:2.0' ...
INFO: [Common 17-1570] Installing object trenz.biz:xilinx_board_store:te0729_20_2i:2.0 from remote host https://github.com/Xilinx/XilinxBoardStore.git
INFO: [Common 17-1573] Object trenz.biz:xilinx_board_store:te0729_20_2i:2.0 has been installed successfully.
INFO: [xhubtcl 76-32] Installing object 'trenz.biz:xilinx_board_store:te0803_2cg_1e:1.0' ...
INFO: [Common 17-1570] Installing object trenz.biz:xilinx_board_store:te0803_2cg_1e:1.0 from remote host https://github.com/Xilinx/XilinxBoardStore.git
INFO: [Common 17-1573] Object trenz.biz:xilinx_board_store:te0803_2cg_1e:1.0 has been installed successfully.
INFO: [xhubtcl 76-32] Installing object 'trenz.biz:xilinx_board_store:te0803_2cg_1e_tebf0808:2.0' ...
INFO: [Common 17-1570] Installing object trenz.biz:xilinx_board_store:te0803_2cg_1e_tebf0808:2.0 from remote host https://github.com/Xilinx/XilinxBoardStore.git
INFO: [Common 17-1573] Object trenz.biz:xilinx_board_store:te0803_2cg_1e_tebf0808:2.0 has been installed successfully.
INFO: [xhubtcl 76-32] Installing object 'trenz.biz:xilinx_board_store:te0803_2eg_1e:1.0' ...
INFO: [Common 17-1570] Installing object trenz.biz:xilinx_board_store:te0803_2eg_1e:1.0 from remote host https://github.com/Xilinx/XilinxBoardStore.git
INFO: [Common 17-1573] Object trenz.biz:xilinx_board_store:te0803_2eg_1e:1.0 has been installed successfully.
INFO: [xhubtcl 76-32] Installing object 'trenz.biz:xilinx_board_store:te0803_2eg_1e_tebf0808:2.0' ...
INFO: [Common 17-1570] Installing object trenz.biz:xilinx_board_store:te0803_2eg_1e_tebf0808:2.0 from remote host https://github.com/Xilinx/XilinxBoardStore.git
INFO: [Common 17-1573] Object trenz.biz:xilinx_board_store:te0803_2eg_1e_tebf0808:2.0 has been installed successfully.
INFO: [xhubtcl 76-32] Installing object 'trenz.biz:xilinx_board_store:te0803_3cg_1e:1.0' ...
INFO: [Common 17-1570] Installing object trenz.biz:xilinx_board_store:te0803_3cg_1e:1.0 from remote host https://github.com/Xilinx/XilinxBoardStore.git
INFO: [Common 17-1573] Object trenz.biz:xilinx_board_store:te0803_3cg_1e:1.0 has been installed successfully.
INFO: [xhubtcl 76-32] Installing object 'trenz.biz:xilinx_board_store:te0803_3cg_1e_tebf0808:2.0' ...
INFO: [Common 17-1570] Installing object trenz.biz:xilinx_board_store:te0803_3cg_1e_tebf0808:2.0 from remote host https://github.com/Xilinx/XilinxBoardStore.git
INFO: [Common 17-1573] Object trenz.biz:xilinx_board_store:te0803_3cg_1e_tebf0808:2.0 has been installed successfully.
INFO: [xhubtcl 76-32] Installing object 'trenz.biz:xilinx_board_store:te0803_3eg_1e:1.0' ...
INFO: [Common 17-1570] Installing object trenz.biz:xilinx_board_store:te0803_3eg_1e:1.0 from remote host https://github.com/Xilinx/XilinxBoardStore.git
INFO: [Common 17-1573] Object trenz.biz:xilinx_board_store:te0803_3eg_1e:1.0 has been installed successfully.
INFO: [xhubtcl 76-32] Installing object 'trenz.biz:xilinx_board_store:te0803_3eg_1e_tebf0808:2.0' ...
INFO: [Common 17-1570] Installing object trenz.biz:xilinx_board_store:te0803_3eg_1e_tebf0808:2.0 from remote host https://github.com/Xilinx/XilinxBoardStore.git
INFO: [Common 17-1573] Object trenz.biz:xilinx_board_store:te0803_3eg_1e_tebf0808:2.0 has been installed successfully.
INFO: [xhubtcl 76-32] Installing object 'trenz.biz:xilinx_board_store:te0803_3eg_1e:3.0' ...
INFO: [Common 17-1570] Installing object trenz.biz:xilinx_board_store:te0803_3eg_1e:3.0 from remote host https://github.com/Xilinx/XilinxBoardStore.git
INFO: [Common 17-1573] Object trenz.biz:xilinx_board_store:te0803_3eg_1e:3.0 has been installed successfully.
INFO: [xhubtcl 76-32] Installing object 'trenz.biz:xilinx_board_store:te0803_3eg_1e_tebf0808:4.0' ...
INFO: [Common 17-1570] Installing object trenz.biz:xilinx_board_store:te0803_3eg_1e_tebf0808:4.0 from remote host https://github.com/Xilinx/XilinxBoardStore.git
INFO: [Common 17-1573] Object trenz.biz:xilinx_board_store:te0803_3eg_1e_tebf0808:4.0 has been installed successfully.
INFO: [xhubtcl 76-32] Installing object 'trenz.biz:xilinx_board_store:te0803_4cg_1e:1.0' ...
INFO: [Common 17-1570] Installing object trenz.biz:xilinx_board_store:te0803_4cg_1e:1.0 from remote host https://github.com/Xilinx/XilinxBoardStore.git
INFO: [Common 17-1573] Object trenz.biz:xilinx_board_store:te0803_4cg_1e:1.0 has been installed successfully.
INFO: [xhubtcl 76-32] Installing object 'trenz.biz:xilinx_board_store:te0803_4cg_1e_tebf0808:2.0' ...
INFO: [Common 17-1570] Installing object trenz.biz:xilinx_board_store:te0803_4cg_1e_tebf0808:2.0 from remote host https://github.com/Xilinx/XilinxBoardStore.git
INFO: [Common 17-1573] Object trenz.biz:xilinx_board_store:te0803_4cg_1e_tebf0808:2.0 has been installed successfully.
INFO: [xhubtcl 76-32] Installing object 'trenz.biz:xilinx_board_store:te0803_4eg_1e:1.0' ...
INFO: [Common 17-1570] Installing object trenz.biz:xilinx_board_store:te0803_4eg_1e:1.0 from remote host https://github.com/Xilinx/XilinxBoardStore.git
INFO: [Common 17-1573] Object trenz.biz:xilinx_board_store:te0803_4eg_1e:1.0 has been installed successfully.
INFO: [xhubtcl 76-32] Installing object 'trenz.biz:xilinx_board_store:te0803_4eg_1e_tebf0808:2.0' ...
INFO: [Common 17-1570] Installing object trenz.biz:xilinx_board_store:te0803_4eg_1e_tebf0808:2.0 from remote host https://github.com/Xilinx/XilinxBoardStore.git
INFO: [Common 17-1573] Object trenz.biz:xilinx_board_store:te0803_4eg_1e_tebf0808:2.0 has been installed successfully.
INFO: [xhubtcl 76-32] Installing object 'trenz.biz:xilinx_board_store:te0803_4eg_1i:5.0' ...
INFO: [Common 17-1570] Installing object trenz.biz:xilinx_board_store:te0803_4eg_1i:5.0 from remote host https://github.com/Xilinx/XilinxBoardStore.git
INFO: [Common 17-1573] Object trenz.biz:xilinx_board_store:te0803_4eg_1i:5.0 has been installed successfully.
INFO: [xhubtcl 76-32] Installing object 'trenz.biz:xilinx_board_store:te0803_4eg_1i_tebf0808:6.0' ...
INFO: [Common 17-1570] Installing object trenz.biz:xilinx_board_store:te0803_4eg_1i_tebf0808:6.0 from remote host https://github.com/Xilinx/XilinxBoardStore.git
INFO: [Common 17-1573] Object trenz.biz:xilinx_board_store:te0803_4eg_1i_tebf0808:6.0 has been installed successfully.
INFO: [xhubtcl 76-32] Installing object 'trenz.biz:xilinx_board_store:te0803_4ev_1e:1.0' ...
INFO: [Common 17-1570] Installing object trenz.biz:xilinx_board_store:te0803_4ev_1e:1.0 from remote host https://github.com/Xilinx/XilinxBoardStore.git
INFO: [Common 17-1573] Object trenz.biz:xilinx_board_store:te0803_4ev_1e:1.0 has been installed successfully.
INFO: [xhubtcl 76-32] Installing object 'trenz.biz:xilinx_board_store:te0803_4ev_1e_tebf0808:2.0' ...
INFO: [Common 17-1570] Installing object trenz.biz:xilinx_board_store:te0803_4ev_1e_tebf0808:2.0 from remote host https://github.com/Xilinx/XilinxBoardStore.git
INFO: [Common 17-1573] Object trenz.biz:xilinx_board_store:te0803_4ev_1e_tebf0808:2.0 has been installed successfully.
INFO: [xhubtcl 76-32] Installing object 'trenz.biz:xilinx_board_store:te0803_5ev_1e:1.0' ...
INFO: [Common 17-1570] Installing object trenz.biz:xilinx_board_store:te0803_5ev_1e:1.0 from remote host https://github.com/Xilinx/XilinxBoardStore.git
INFO: [Common 17-1573] Object trenz.biz:xilinx_board_store:te0803_5ev_1e:1.0 has been installed successfully.
INFO: [xhubtcl 76-32] Installing object 'trenz.biz:xilinx_board_store:te0803_5ev_1e_tebf0808:2.0' ...
INFO: [Common 17-1570] Installing object trenz.biz:xilinx_board_store:te0803_5ev_1e_tebf0808:2.0 from remote host https://github.com/Xilinx/XilinxBoardStore.git
INFO: [Common 17-1573] Object trenz.biz:xilinx_board_store:te0803_5ev_1e_tebf0808:2.0 has been installed successfully.
INFO: [xhubtcl 76-32] Installing object 'trenz.biz:xilinx_board_store:te0803_5ev_1i:1.0' ...
INFO: [Common 17-1570] Installing object trenz.biz:xilinx_board_store:te0803_5ev_1i:1.0 from remote host https://github.com/Xilinx/XilinxBoardStore.git
INFO: [Common 17-1573] Object trenz.biz:xilinx_board_store:te0803_5ev_1i:1.0 has been installed successfully.
INFO: [xhubtcl 76-32] Installing object 'trenz.biz:xilinx_board_store:te0803_5ev_1i_tebf0808:2.0' ...
INFO: [Common 17-1570] Installing object trenz.biz:xilinx_board_store:te0803_5ev_1i_tebf0808:2.0 from remote host https://github.com/Xilinx/XilinxBoardStore.git
INFO: [Common 17-1573] Object trenz.biz:xilinx_board_store:te0803_5ev_1i_tebf0808:2.0 has been installed successfully.
INFO: [xhubtcl 76-32] Installing object 'trenz.biz:xilinx_board_store:te0808_15eg_1e:3.0' ...
INFO: [Common 17-1570] Installing object trenz.biz:xilinx_board_store:te0808_15eg_1e:3.0 from remote host https://github.com/Xilinx/XilinxBoardStore.git
INFO: [Common 17-1573] Object trenz.biz:xilinx_board_store:te0808_15eg_1e:3.0 has been installed successfully.
INFO: [xhubtcl 76-32] Installing object 'trenz.biz:xilinx_board_store:te0808_15eg_1e_tebf0808:4.0' ...
INFO: [Common 17-1570] Installing object trenz.biz:xilinx_board_store:te0808_15eg_1e_tebf0808:4.0 from remote host https://github.com/Xilinx/XilinxBoardStore.git
INFO: [Common 17-1573] Object trenz.biz:xilinx_board_store:te0808_15eg_1e_tebf0808:4.0 has been installed successfully.
INFO: [xhubtcl 76-32] Installing object 'trenz.biz:xilinx_board_store:te0808_6eg_1e:3.0' ...
INFO: [Common 17-1570] Installing object trenz.biz:xilinx_board_store:te0808_6eg_1e:3.0 from remote host https://github.com/Xilinx/XilinxBoardStore.git
INFO: [Common 17-1573] Object trenz.biz:xilinx_board_store:te0808_6eg_1e:3.0 has been installed successfully.
INFO: [xhubtcl 76-32] Installing object 'trenz.biz:xilinx_board_store:te0808_6eg_1e_tebf0808:4.0' ...
INFO: [Common 17-1570] Installing object trenz.biz:xilinx_board_store:te0808_6eg_1e_tebf0808:4.0 from remote host https://github.com/Xilinx/XilinxBoardStore.git
INFO: [Common 17-1573] Object trenz.biz:xilinx_board_store:te0808_6eg_1e_tebf0808:4.0 has been installed successfully.
INFO: [xhubtcl 76-32] Installing object 'trenz.biz:xilinx_board_store:te0808_9eg_1e:1.0' ...
INFO: [Common 17-1570] Installing object trenz.biz:xilinx_board_store:te0808_9eg_1e:1.0 from remote host https://github.com/Xilinx/XilinxBoardStore.git
INFO: [Common 17-1573] Object trenz.biz:xilinx_board_store:te0808_9eg_1e:1.0 has been installed successfully.
INFO: [xhubtcl 76-32] Installing object 'trenz.biz:xilinx_board_store:te0808_9eg_1e_tebf0808:2.0' ...
INFO: [Common 17-1570] Installing object trenz.biz:xilinx_board_store:te0808_9eg_1e_tebf0808:2.0 from remote host https://github.com/Xilinx/XilinxBoardStore.git
INFO: [Common 17-1573] Object trenz.biz:xilinx_board_store:te0808_9eg_1e_tebf0808:2.0 has been installed successfully.
INFO: [xhubtcl 76-32] Installing object 'trenz.biz:xilinx_board_store:te0808_9eg_1e:3.0' ...
INFO: [Common 17-1570] Installing object trenz.biz:xilinx_board_store:te0808_9eg_1e:3.0 from remote host https://github.com/Xilinx/XilinxBoardStore.git
INFO: [Common 17-1573] Object trenz.biz:xilinx_board_store:te0808_9eg_1e:3.0 has been installed successfully.
INFO: [xhubtcl 76-32] Installing object 'trenz.biz:xilinx_board_store:te0808_9eg_1e_tebf0808:4.0' ...
INFO: [Common 17-1570] Installing object trenz.biz:xilinx_board_store:te0808_9eg_1e_tebf0808:4.0 from remote host https://github.com/Xilinx/XilinxBoardStore.git
INFO: [Common 17-1573] Object trenz.biz:xilinx_board_store:te0808_9eg_1e_tebf0808:4.0 has been installed successfully.
INFO: [xhubtcl 76-32] Installing object 'trenz.biz:xilinx_board_store:te0808_9eg_2i:3.0' ...
INFO: [Common 17-1570] Installing object trenz.biz:xilinx_board_store:te0808_9eg_2i:3.0 from remote host https://github.com/Xilinx/XilinxBoardStore.git
INFO: [Common 17-1573] Object trenz.biz:xilinx_board_store:te0808_9eg_2i:3.0 has been installed successfully.
INFO: [xhubtcl 76-32] Installing object 'trenz.biz:xilinx_board_store:te0808_9eg_2i_tebf0808:4.0' ...
INFO: [Common 17-1570] Installing object trenz.biz:xilinx_board_store:te0808_9eg_2i_tebf0808:4.0 from remote host https://github.com/Xilinx/XilinxBoardStore.git
INFO: [Common 17-1573] Object trenz.biz:xilinx_board_store:te0808_9eg_2i_tebf0808:4.0 has been installed successfully.
INFO: [xhubtcl 76-32] Installing object 'trenz.biz:xilinx_board_store:te0820_2cg_1e:1.0' ...
INFO: [Common 17-1570] Installing object trenz.biz:xilinx_board_store:te0820_2cg_1e:1.0 from remote host https://github.com/Xilinx/XilinxBoardStore.git
INFO: [Common 17-1573] Object trenz.biz:xilinx_board_store:te0820_2cg_1e:1.0 has been installed successfully.
INFO: [xhubtcl 76-32] Installing object 'trenz.biz:xilinx_board_store:te0820_2eg_1e:1.0' ...
INFO: [Common 17-1570] Installing object trenz.biz:xilinx_board_store:te0820_2eg_1e:1.0 from remote host https://github.com/Xilinx/XilinxBoardStore.git
INFO: [Common 17-1573] Object trenz.biz:xilinx_board_store:te0820_2eg_1e:1.0 has been installed successfully.
INFO: [xhubtcl 76-32] Installing object 'trenz.biz:xilinx_board_store:te0820_2eg_1e:2.0' ...
INFO: [Common 17-1570] Installing object trenz.biz:xilinx_board_store:te0820_2eg_1e:2.0 from remote host https://github.com/Xilinx/XilinxBoardStore.git
INFO: [Common 17-1573] Object trenz.biz:xilinx_board_store:te0820_2eg_1e:2.0 has been installed successfully.
INFO: [xhubtcl 76-32] Installing object 'trenz.biz:xilinx_board_store:te0820_3cg_1e:1.0' ...
INFO: [Common 17-1570] Installing object trenz.biz:xilinx_board_store:te0820_3cg_1e:1.0 from remote host https://github.com/Xilinx/XilinxBoardStore.git
INFO: [Common 17-1573] Object trenz.biz:xilinx_board_store:te0820_3cg_1e:1.0 has been installed successfully.
INFO: [xhubtcl 76-32] Installing object 'trenz.biz:xilinx_board_store:te0820_3eg_1e:1.0' ...
INFO: [Common 17-1570] Installing object trenz.biz:xilinx_board_store:te0820_3eg_1e:1.0 from remote host https://github.com/Xilinx/XilinxBoardStore.git
INFO: [Common 17-1573] Object trenz.biz:xilinx_board_store:te0820_3eg_1e:1.0 has been installed successfully.
INFO: [xhubtcl 76-32] Installing object 'trenz.biz:xilinx_board_store:te0820_4cg_1e:1.0' ...
INFO: [Common 17-1570] Installing object trenz.biz:xilinx_board_store:te0820_4cg_1e:1.0 from remote host https://github.com/Xilinx/XilinxBoardStore.git
INFO: [Common 17-1573] Object trenz.biz:xilinx_board_store:te0820_4cg_1e:1.0 has been installed successfully.
INFO: [xhubtcl 76-32] Installing object 'trenz.biz:xilinx_board_store:te0820_4ev_1e:1.0' ...
INFO: [Common 17-1570] Installing object trenz.biz:xilinx_board_store:te0820_4ev_1e:1.0 from remote host https://github.com/Xilinx/XilinxBoardStore.git
INFO: [Common 17-1573] Object trenz.biz:xilinx_board_store:te0820_4ev_1e:1.0 has been installed successfully.
INFO: [xhubtcl 76-32] Installing object 'trenz.biz:xilinx_board_store:teb0911_9eg_1e:1.0' ...
INFO: [Common 17-1570] Installing object trenz.biz:xilinx_board_store:teb0911_9eg_1e:1.0 from remote host https://github.com/Xilinx/XilinxBoardStore.git
INFO: [Common 17-1573] Object trenz.biz:xilinx_board_store:teb0911_9eg_1e:1.0 has been installed successfully.
INFO: [xhubtcl 76-32] Installing object 'trenz.biz:xilinx_board_store:tec0850_15eg_1e:1.0' ...
INFO: [Common 17-1570] Installing object trenz.biz:xilinx_board_store:tec0850_15eg_1e:1.0 from remote host https://github.com/Xilinx/XilinxBoardStore.git
INFO: [Common 17-1573] Object trenz.biz:xilinx_board_store:tec0850_15eg_1e:1.0 has been installed successfully.
INFO: [xhubtcl 76-32] Installing object 'xilinx.com:xilinx_board_store:vcu128_es:1.0' ...
INFO: [Common 17-1570] Installing object xilinx.com:xilinx_board_store:vcu128_es:1.0 from remote host https://github.com/Xilinx/XilinxBoardStore.git
INFO: [Common 17-1573] Object xilinx.com:xilinx_board_store:vcu128_es:1.0 has been installed successfully.
INFO: [xhubtcl 76-32] Installing object 'xilinx.com:xilinx_board_store:vcu128_es:1.1' ...
INFO: [Common 17-1570] Installing object xilinx.com:xilinx_board_store:vcu128_es:1.1 from remote host https://github.com/Xilinx/XilinxBoardStore.git
INFO: [Common 17-1573] Object xilinx.com:xilinx_board_store:vcu128_es:1.1 has been installed successfully.
INFO: [xhubtcl 76-32] Installing object 'xilinx.com:xilinx_board_store:au200:1.2' ...
INFO: [Common 17-1570] Installing object xilinx.com:xilinx_board_store:au200:1.2 from remote host https://github.com/Xilinx/XilinxBoardStore.git
INFO: [Common 17-1573] Object xilinx.com:xilinx_board_store:au200:1.2 has been installed successfully.
INFO: [xhubtcl 76-32] Installing object 'xilinx.com:xilinx_board_store:au250:1.2' ...
INFO: [Common 17-14] Message 'xhubtcl 76-32' appears 100 times and further instances of the messages will be disabled. Use the Tcl command set_msg_config to change the current settings.
INFO: [Common 17-1570] Installing object xilinx.com:xilinx_board_store:au250:1.2 from remote host https://github.com/Xilinx/XilinxBoardStore.git
INFO: [Common 17-14] Message 'Common 17-1570' appears 100 times and further instances of the messages will be disabled. Use the Tcl command set_msg_config to change the current settings.
INFO: [Common 17-1573] Object xilinx.com:xilinx_board_store:au250:1.2 has been installed successfully.
INFO: [Common 17-14] Message 'Common 17-1573' appears 100 times and further instances of the messages will be disabled. Use the Tcl command set_msg_config to change the current settings.
WARNING: [Board 49-26] cannot add Board Part xilinx.com:au280_es1:part0:1.0 available at /home/vs/.Xilinx/Vivado/2019.1/xhub/board_store/XilinxBoardStore/Vivado/2019.1/boards/Xilinx/au280/es1/1.0/1.0/board.xml as part xcu280-fsvh2892-2l-e-es1 specified in board_part file is either invalid or not available
WARNING: [Board 49-26] cannot add Board Part xilinx.com:au280_es1:part0:1.1 available at /home/vs/.Xilinx/Vivado/2019.1/xhub/board_store/XilinxBoardStore/Vivado/2019.1/boards/Xilinx/au280/es1/1.1/1.1/board.xml as part xcu280-fsvh2892-2l-e-es1 specified in board_part file is either invalid or not available
WARNING: [Board 49-26] cannot add Board Part xilinx.com:vcu128_es:part0:1.0 available at /home/vs/.Xilinx/Vivado/2019.1/xhub/board_store/XilinxBoardStore/Vivado/2019.1/boards/Xilinx/vcu128/1.0/1.0/board.xml as part xcvu37p-fsvh2892-2l-e-es1 specified in board_part file is either invalid or not available
WARNING: [Board 49-26] cannot add Board Part xilinx.com:vcu128_es:part0:1.1 available at /home/vs/.Xilinx/Vivado/2019.1/xhub/board_store/XilinxBoardStore/Vivado/2019.1/boards/Xilinx/vcu128/1.1/1.1/board.xml as part xcvu37p-fsvh2892-2l-e-es1 specified in board_part file is either invalid or not available
WARNING: [Board 49-26] cannot add Board Part xilinx.com:vcu129:part0:1.0 available at /home/vs/.Xilinx/Vivado/2019.1/xhub/board_store/XilinxBoardStore/Vivado/2019.1/boards/Xilinx/vcu129/production/1.0/1.0/board.xml as part xcvu29p-fsga2577-2l-e specified in board_part file is either invalid or not available
WARNING: [Board 49-26] cannot add Board Part xilinx.com:vcu129_es:part0:1.0 available at /home/vs/.Xilinx/Vivado/2019.1/xhub/board_store/XilinxBoardStore/Vivado/2019.1/boards/Xilinx/vcu129/es/1.0/1.0/board.xml as part xcvu29p-fsga2577-2l-e-es1 specified in board_part file is either invalid or not available
WARNING: [Board 49-26] cannot add Board Part xilinx.com:au280_es1:part0:1.0 available at /home/vs/.Xilinx/Vivado/2019.1/xhub/board_store/XilinxBoardStore/Vivado/2019.1/boards/Xilinx/au280/es1/1.0/1.0/board.xml as part xcu280-fsvh2892-2l-e-es1 specified in board_part file is either invalid or not available
WARNING: [Board 49-26] cannot add Board Part xilinx.com:au280_es1:part0:1.1 available at /home/vs/.Xilinx/Vivado/2019.1/xhub/board_store/XilinxBoardStore/Vivado/2019.1/boards/Xilinx/au280/es1/1.1/1.1/board.xml as part xcu280-fsvh2892-2l-e-es1 specified in board_part file is either invalid or not available
WARNING: [Board 49-26] cannot add Board Part xilinx.com:vcu128_es:part0:1.0 available at /home/vs/.Xilinx/Vivado/2019.1/xhub/board_store/XilinxBoardStore/Vivado/2019.1/boards/Xilinx/vcu128/1.0/1.0/board.xml as part xcvu37p-fsvh2892-2l-e-es1 specified in board_part file is either invalid or not available
WARNING: [Board 49-26] cannot add Board Part xilinx.com:vcu128_es:part0:1.1 available at /home/vs/.Xilinx/Vivado/2019.1/xhub/board_store/XilinxBoardStore/Vivado/2019.1/boards/Xilinx/vcu128/1.1/1.1/board.xml as part xcvu37p-fsvh2892-2l-e-es1 specified in board_part file is either invalid or not available
WARNING: [Board 49-26] cannot add Board Part xilinx.com:vcu129:part0:1.0 available at /home/vs/.Xilinx/Vivado/2019.1/xhub/board_store/XilinxBoardStore/Vivado/2019.1/boards/Xilinx/vcu129/production/1.0/1.0/board.xml as part xcvu29p-fsga2577-2l-e specified in board_part file is either invalid or not available
WARNING: [Board 49-26] cannot add Board Part xilinx.com:vcu129_es:part0:1.0 available at /home/vs/.Xilinx/Vivado/2019.1/xhub/board_store/XilinxBoardStore/Vivado/2019.1/boards/Xilinx/vcu129/es/1.0/1.0/board.xml as part xcvu29p-fsga2577-2l-e-es1 specified in board_part file is either invalid or not available
WARNING: [Board 49-26] cannot add Board Part xilinx.com:au280_es1:part0:1.0 available at /home/vs/.Xilinx/Vivado/2019.1/xhub/board_store/XilinxBoardStore/Vivado/2019.1/boards/Xilinx/au280/es1/1.0/1.0/board.xml as part xcu280-fsvh2892-2l-e-es1 specified in board_part file is either invalid or not available
WARNING: [Board 49-26] cannot add Board Part xilinx.com:au280_es1:part0:1.1 available at /home/vs/.Xilinx/Vivado/2019.1/xhub/board_store/XilinxBoardStore/Vivado/2019.1/boards/Xilinx/au280/es1/1.1/1.1/board.xml as part xcu280-fsvh2892-2l-e-es1 specified in board_part file is either invalid or not available
WARNING: [Board 49-26] cannot add Board Part xilinx.com:vcu128_es:part0:1.0 available at /home/vs/.Xilinx/Vivado/2019.1/xhub/board_store/XilinxBoardStore/Vivado/2019.1/boards/Xilinx/vcu128/1.0/1.0/board.xml as part xcvu37p-fsvh2892-2l-e-es1 specified in board_part file is either invalid or not available
WARNING: [Board 49-26] cannot add Board Part xilinx.com:vcu128_es:part0:1.1 available at /home/vs/.Xilinx/Vivado/2019.1/xhub/board_store/XilinxBoardStore/Vivado/2019.1/boards/Xilinx/vcu128/1.1/1.1/board.xml as part xcvu37p-fsvh2892-2l-e-es1 specified in board_part file is either invalid or not available
WARNING: [Board 49-26] cannot add Board Part xilinx.com:vcu129:part0:1.0 available at /home/vs/.Xilinx/Vivado/2019.1/xhub/board_store/XilinxBoardStore/Vivado/2019.1/boards/Xilinx/vcu129/production/1.0/1.0/board.xml as part xcvu29p-fsga2577-2l-e specified in board_part file is either invalid or not available
WARNING: [Board 49-26] cannot add Board Part xilinx.com:vcu129_es:part0:1.0 available at /home/vs/.Xilinx/Vivado/2019.1/xhub/board_store/XilinxBoardStore/Vivado/2019.1/boards/Xilinx/vcu129/es/1.0/1.0/board.xml as part xcvu29p-fsga2577-2l-e-es1 specified in board_part file is either invalid or not available
WARNING: [Board 49-26] cannot add Board Part xilinx.com:au280_es1:part0:1.0 available at /home/vs/.Xilinx/Vivado/2019.1/xhub/board_store/XilinxBoardStore/Vivado/2019.1/boards/Xilinx/au280/es1/1.0/1.0/board.xml as part xcu280-fsvh2892-2l-e-es1 specified in board_part file is either invalid or not available
WARNING: [Board 49-26] cannot add Board Part xilinx.com:au280_es1:part0:1.1 available at /home/vs/.Xilinx/Vivado/2019.1/xhub/board_store/XilinxBoardStore/Vivado/2019.1/boards/Xilinx/au280/es1/1.1/1.1/board.xml as part xcu280-fsvh2892-2l-e-es1 specified in board_part file is either invalid or not available
WARNING: [Board 49-26] cannot add Board Part xilinx.com:vcu128_es:part0:1.0 available at /home/vs/.Xilinx/Vivado/2019.1/xhub/board_store/XilinxBoardStore/Vivado/2019.1/boards/Xilinx/vcu128/1.0/1.0/board.xml as part xcvu37p-fsvh2892-2l-e-es1 specified in board_part file is either invalid or not available
WARNING: [Board 49-26] cannot add Board Part xilinx.com:vcu128_es:part0:1.1 available at /home/vs/.Xilinx/Vivado/2019.1/xhub/board_store/XilinxBoardStore/Vivado/2019.1/boards/Xilinx/vcu128/1.1/1.1/board.xml as part xcvu37p-fsvh2892-2l-e-es1 specified in board_part file is either invalid or not available
WARNING: [Board 49-26] cannot add Board Part xilinx.com:vcu129:part0:1.0 available at /home/vs/.Xilinx/Vivado/2019.1/xhub/board_store/XilinxBoardStore/Vivado/2019.1/boards/Xilinx/vcu129/production/1.0/1.0/board.xml as part xcvu29p-fsga2577-2l-e specified in board_part file is either invalid or not available
WARNING: [Board 49-26] cannot add Board Part xilinx.com:vcu129_es:part0:1.0 available at /home/vs/.Xilinx/Vivado/2019.1/xhub/board_store/XilinxBoardStore/Vivado/2019.1/boards/Xilinx/vcu129/es/1.0/1.0/board.xml as part xcvu29p-fsga2577-2l-e-es1 specified in board_part file is either invalid or not available
xhub::install: Time (s): cpu = 00:00:09 ; elapsed = 00:01:07 . Memory (MB): peak = 6497.609 ; gain = 33.238 ; free physical = 250 ; free virtual = 3233
xhub::update [xhub::get_xitems -of_objects [xhub::get_xstores xilinx_board_store]]
WARNING: [Board 49-26] cannot add Board Part xilinx.com:au280_es1:part0:1.0 available at /home/vs/.Xilinx/Vivado/2019.1/xhub/board_store/XilinxBoardStore/Vivado/2019.1/boards/Xilinx/au280/es1/1.0/1.0/board.xml as part xcu280-fsvh2892-2l-e-es1 specified in board_part file is either invalid or not available
WARNING: [Board 49-26] cannot add Board Part xilinx.com:au280_es1:part0:1.1 available at /home/vs/.Xilinx/Vivado/2019.1/xhub/board_store/XilinxBoardStore/Vivado/2019.1/boards/Xilinx/au280/es1/1.1/1.1/board.xml as part xcu280-fsvh2892-2l-e-es1 specified in board_part file is either invalid or not available
WARNING: [Board 49-26] cannot add Board Part xilinx.com:vcu128_es:part0:1.0 available at /home/vs/.Xilinx/Vivado/2019.1/xhub/board_store/XilinxBoardStore/Vivado/2019.1/boards/Xilinx/vcu128/1.0/1.0/board.xml as part xcvu37p-fsvh2892-2l-e-es1 specified in board_part file is either invalid or not available
WARNING: [Board 49-26] cannot add Board Part xilinx.com:vcu128_es:part0:1.1 available at /home/vs/.Xilinx/Vivado/2019.1/xhub/board_store/XilinxBoardStore/Vivado/2019.1/boards/Xilinx/vcu128/1.1/1.1/board.xml as part xcvu37p-fsvh2892-2l-e-es1 specified in board_part file is either invalid or not available
WARNING: [Board 49-26] cannot add Board Part xilinx.com:vcu129:part0:1.0 available at /home/vs/.Xilinx/Vivado/2019.1/xhub/board_store/XilinxBoardStore/Vivado/2019.1/boards/Xilinx/vcu129/production/1.0/1.0/board.xml as part xcvu29p-fsga2577-2l-e specified in board_part file is either invalid or not available
WARNING: [Board 49-26] cannot add Board Part xilinx.com:vcu129_es:part0:1.0 available at /home/vs/.Xilinx/Vivado/2019.1/xhub/board_store/XilinxBoardStore/Vivado/2019.1/boards/Xilinx/vcu129/es/1.0/1.0/board.xml as part xcvu29p-fsga2577-2l-e-es1 specified in board_part file is either invalid or not available
WARNING: [Board 49-26] cannot add Board Part xilinx.com:au280_es1:part0:1.0 available at /home/vs/.Xilinx/Vivado/2019.1/xhub/board_store/XilinxBoardStore/Vivado/2019.1/boards/Xilinx/au280/es1/1.0/1.0/board.xml as part xcu280-fsvh2892-2l-e-es1 specified in board_part file is either invalid or not available
WARNING: [Board 49-26] cannot add Board Part xilinx.com:au280_es1:part0:1.1 available at /home/vs/.Xilinx/Vivado/2019.1/xhub/board_store/XilinxBoardStore/Vivado/2019.1/boards/Xilinx/au280/es1/1.1/1.1/board.xml as part xcu280-fsvh2892-2l-e-es1 specified in board_part file is either invalid or not available
WARNING: [Board 49-26] cannot add Board Part xilinx.com:vcu128_es:part0:1.0 available at /home/vs/.Xilinx/Vivado/2019.1/xhub/board_store/XilinxBoardStore/Vivado/2019.1/boards/Xilinx/vcu128/1.0/1.0/board.xml as part xcvu37p-fsvh2892-2l-e-es1 specified in board_part file is either invalid or not available
WARNING: [Board 49-26] cannot add Board Part xilinx.com:vcu128_es:part0:1.1 available at /home/vs/.Xilinx/Vivado/2019.1/xhub/board_store/XilinxBoardStore/Vivado/2019.1/boards/Xilinx/vcu128/1.1/1.1/board.xml as part xcvu37p-fsvh2892-2l-e-es1 specified in board_part file is either invalid or not available
WARNING: [Board 49-26] cannot add Board Part xilinx.com:vcu129:part0:1.0 available at /home/vs/.Xilinx/Vivado/2019.1/xhub/board_store/XilinxBoardStore/Vivado/2019.1/boards/Xilinx/vcu129/production/1.0/1.0/board.xml as part xcvu29p-fsga2577-2l-e specified in board_part file is either invalid or not available
WARNING: [Board 49-26] cannot add Board Part xilinx.com:vcu129_es:part0:1.0 available at /home/vs/.Xilinx/Vivado/2019.1/xhub/board_store/XilinxBoardStore/Vivado/2019.1/boards/Xilinx/vcu129/es/1.0/1.0/board.xml as part xcvu29p-fsga2577-2l-e-es1 specified in board_part file is either invalid or not available
WARNING: [Board 49-26] cannot add Board Part xilinx.com:au280_es1:part0:1.0 available at /home/vs/.Xilinx/Vivado/2019.1/xhub/board_store/XilinxBoardStore/Vivado/2019.1/boards/Xilinx/au280/es1/1.0/1.0/board.xml as part xcu280-fsvh2892-2l-e-es1 specified in board_part file is either invalid or not available
WARNING: [Board 49-26] cannot add Board Part xilinx.com:au280_es1:part0:1.1 available at /home/vs/.Xilinx/Vivado/2019.1/xhub/board_store/XilinxBoardStore/Vivado/2019.1/boards/Xilinx/au280/es1/1.1/1.1/board.xml as part xcu280-fsvh2892-2l-e-es1 specified in board_part file is either invalid or not available
WARNING: [Board 49-26] cannot add Board Part xilinx.com:vcu128_es:part0:1.0 available at /home/vs/.Xilinx/Vivado/2019.1/xhub/board_store/XilinxBoardStore/Vivado/2019.1/boards/Xilinx/vcu128/1.0/1.0/board.xml as part xcvu37p-fsvh2892-2l-e-es1 specified in board_part file is either invalid or not available
WARNING: [Board 49-26] cannot add Board Part xilinx.com:vcu128_es:part0:1.1 available at /home/vs/.Xilinx/Vivado/2019.1/xhub/board_store/XilinxBoardStore/Vivado/2019.1/boards/Xilinx/vcu128/1.1/1.1/board.xml as part xcvu37p-fsvh2892-2l-e-es1 specified in board_part file is either invalid or not available
WARNING: [Board 49-26] cannot add Board Part xilinx.com:vcu129:part0:1.0 available at /home/vs/.Xilinx/Vivado/2019.1/xhub/board_store/XilinxBoardStore/Vivado/2019.1/boards/Xilinx/vcu129/production/1.0/1.0/board.xml as part xcvu29p-fsga2577-2l-e specified in board_part file is either invalid or not available
WARNING: [Board 49-26] cannot add Board Part xilinx.com:vcu129_es:part0:1.0 available at /home/vs/.Xilinx/Vivado/2019.1/xhub/board_store/XilinxBoardStore/Vivado/2019.1/boards/Xilinx/vcu129/es/1.0/1.0/board.xml as part xcvu29p-fsga2577-2l-e-es1 specified in board_part file is either invalid or not available
WARNING: [Board 49-26] cannot add Board Part xilinx.com:au280_es1:part0:1.0 available at /home/vs/.Xilinx/Vivado/2019.1/xhub/board_store/XilinxBoardStore/Vivado/2019.1/boards/Xilinx/au280/es1/1.0/1.0/board.xml as part xcu280-fsvh2892-2l-e-es1 specified in board_part file is either invalid or not available
WARNING: [Board 49-26] cannot add Board Part xilinx.com:au280_es1:part0:1.1 available at /home/vs/.Xilinx/Vivado/2019.1/xhub/board_store/XilinxBoardStore/Vivado/2019.1/boards/Xilinx/au280/es1/1.1/1.1/board.xml as part xcu280-fsvh2892-2l-e-es1 specified in board_part file is either invalid or not available
WARNING: [Board 49-26] cannot add Board Part xilinx.com:vcu128_es:part0:1.0 available at /home/vs/.Xilinx/Vivado/2019.1/xhub/board_store/XilinxBoardStore/Vivado/2019.1/boards/Xilinx/vcu128/1.0/1.0/board.xml as part xcvu37p-fsvh2892-2l-e-es1 specified in board_part file is either invalid or not available
WARNING: [Board 49-26] cannot add Board Part xilinx.com:vcu128_es:part0:1.1 available at /home/vs/.Xilinx/Vivado/2019.1/xhub/board_store/XilinxBoardStore/Vivado/2019.1/boards/Xilinx/vcu128/1.1/1.1/board.xml as part xcvu37p-fsvh2892-2l-e-es1 specified in board_part file is either invalid or not available
WARNING: [Board 49-26] cannot add Board Part xilinx.com:vcu129:part0:1.0 available at /home/vs/.Xilinx/Vivado/2019.1/xhub/board_store/XilinxBoardStore/Vivado/2019.1/boards/Xilinx/vcu129/production/1.0/1.0/board.xml as part xcvu29p-fsga2577-2l-e specified in board_part file is either invalid or not available
WARNING: [Board 49-26] cannot add Board Part xilinx.com:vcu129_es:part0:1.0 available at /home/vs/.Xilinx/Vivado/2019.1/xhub/board_store/XilinxBoardStore/Vivado/2019.1/boards/Xilinx/vcu129/es/1.0/1.0/board.xml as part xcvu29p-fsga2577-2l-e-es1 specified in board_part file is either invalid or not available
WARNING: [Board 49-26] cannot add Board Part xilinx.com:au280_es1:part0:1.0 available at /home/vs/.Xilinx/Vivado/2019.1/xhub/board_store/XilinxBoardStore/Vivado/2019.1/boards/Xilinx/au280/es1/1.0/1.0/board.xml as part xcu280-fsvh2892-2l-e-es1 specified in board_part file is either invalid or not available
WARNING: [Board 49-26] cannot add Board Part xilinx.com:au280_es1:part0:1.1 available at /home/vs/.Xilinx/Vivado/2019.1/xhub/board_store/XilinxBoardStore/Vivado/2019.1/boards/Xilinx/au280/es1/1.1/1.1/board.xml as part xcu280-fsvh2892-2l-e-es1 specified in board_part file is either invalid or not available
WARNING: [Board 49-26] cannot add Board Part xilinx.com:vcu128_es:part0:1.0 available at /home/vs/.Xilinx/Vivado/2019.1/xhub/board_store/XilinxBoardStore/Vivado/2019.1/boards/Xilinx/vcu128/1.0/1.0/board.xml as part xcvu37p-fsvh2892-2l-e-es1 specified in board_part file is either invalid or not available
WARNING: [Board 49-26] cannot add Board Part xilinx.com:vcu128_es:part0:1.1 available at /home/vs/.Xilinx/Vivado/2019.1/xhub/board_store/XilinxBoardStore/Vivado/2019.1/boards/Xilinx/vcu128/1.1/1.1/board.xml as part xcvu37p-fsvh2892-2l-e-es1 specified in board_part file is either invalid or not available
WARNING: [Board 49-26] cannot add Board Part xilinx.com:vcu129:part0:1.0 available at /home/vs/.Xilinx/Vivado/2019.1/xhub/board_store/XilinxBoardStore/Vivado/2019.1/boards/Xilinx/vcu129/production/1.0/1.0/board.xml as part xcvu29p-fsga2577-2l-e specified in board_part file is either invalid or not available
WARNING: [Board 49-26] cannot add Board Part xilinx.com:vcu129_es:part0:1.0 available at /home/vs/.Xilinx/Vivado/2019.1/xhub/board_store/XilinxBoardStore/Vivado/2019.1/boards/Xilinx/vcu129/es/1.0/1.0/board.xml as part xcvu29p-fsga2577-2l-e-es1 specified in board_part file is either invalid or not available
WARNING: [Board 49-26] cannot add Board Part xilinx.com:au280_es1:part0:1.0 available at /home/vs/.Xilinx/Vivado/2019.1/xhub/board_store/XilinxBoardStore/Vivado/2019.1/boards/Xilinx/au280/es1/1.0/1.0/board.xml as part xcu280-fsvh2892-2l-e-es1 specified in board_part file is either invalid or not available
WARNING: [Board 49-26] cannot add Board Part xilinx.com:au280_es1:part0:1.1 available at /home/vs/.Xilinx/Vivado/2019.1/xhub/board_store/XilinxBoardStore/Vivado/2019.1/boards/Xilinx/au280/es1/1.1/1.1/board.xml as part xcu280-fsvh2892-2l-e-es1 specified in board_part file is either invalid or not available
WARNING: [Board 49-26] cannot add Board Part xilinx.com:vcu128_es:part0:1.0 available at /home/vs/.Xilinx/Vivado/2019.1/xhub/board_store/XilinxBoardStore/Vivado/2019.1/boards/Xilinx/vcu128/1.0/1.0/board.xml as part xcvu37p-fsvh2892-2l-e-es1 specified in board_part file is either invalid or not available
WARNING: [Board 49-26] cannot add Board Part xilinx.com:vcu128_es:part0:1.1 available at /home/vs/.Xilinx/Vivado/2019.1/xhub/board_store/XilinxBoardStore/Vivado/2019.1/boards/Xilinx/vcu128/1.1/1.1/board.xml as part xcvu37p-fsvh2892-2l-e-es1 specified in board_part file is either invalid or not available
WARNING: [Board 49-26] cannot add Board Part xilinx.com:vcu129:part0:1.0 available at /home/vs/.Xilinx/Vivado/2019.1/xhub/board_store/XilinxBoardStore/Vivado/2019.1/boards/Xilinx/vcu129/production/1.0/1.0/board.xml as part xcvu29p-fsga2577-2l-e specified in board_part file is either invalid or not available
WARNING: [Board 49-26] cannot add Board Part xilinx.com:vcu129_es:part0:1.0 available at /home/vs/.Xilinx/Vivado/2019.1/xhub/board_store/XilinxBoardStore/Vivado/2019.1/boards/Xilinx/vcu129/es/1.0/1.0/board.xml as part xcvu29p-fsga2577-2l-e-es1 specified in board_part file is either invalid or not available
WARNING: [Board 49-26] cannot add Board Part xilinx.com:au280_es1:part0:1.0 available at /home/vs/.Xilinx/Vivado/2019.1/xhub/board_store/XilinxBoardStore/Vivado/2019.1/boards/Xilinx/au280/es1/1.0/1.0/board.xml as part xcu280-fsvh2892-2l-e-es1 specified in board_part file is either invalid or not available
WARNING: [Board 49-26] cannot add Board Part xilinx.com:au280_es1:part0:1.1 available at /home/vs/.Xilinx/Vivado/2019.1/xhub/board_store/XilinxBoardStore/Vivado/2019.1/boards/Xilinx/au280/es1/1.1/1.1/board.xml as part xcu280-fsvh2892-2l-e-es1 specified in board_part file is either invalid or not available
WARNING: [Board 49-26] cannot add Board Part xilinx.com:vcu128_es:part0:1.0 available at /home/vs/.Xilinx/Vivado/2019.1/xhub/board_store/XilinxBoardStore/Vivado/2019.1/boards/Xilinx/vcu128/1.0/1.0/board.xml as part xcvu37p-fsvh2892-2l-e-es1 specified in board_part file is either invalid or not available
WARNING: [Board 49-26] cannot add Board Part xilinx.com:vcu128_es:part0:1.1 available at /home/vs/.Xilinx/Vivado/2019.1/xhub/board_store/XilinxBoardStore/Vivado/2019.1/boards/Xilinx/vcu128/1.1/1.1/board.xml as part xcvu37p-fsvh2892-2l-e-es1 specified in board_part file is either invalid or not available
WARNING: [Board 49-26] cannot add Board Part xilinx.com:vcu129:part0:1.0 available at /home/vs/.Xilinx/Vivado/2019.1/xhub/board_store/XilinxBoardStore/Vivado/2019.1/boards/Xilinx/vcu129/production/1.0/1.0/board.xml as part xcvu29p-fsga2577-2l-e specified in board_part file is either invalid or not available
WARNING: [Board 49-26] cannot add Board Part xilinx.com:vcu129_es:part0:1.0 available at /home/vs/.Xilinx/Vivado/2019.1/xhub/board_store/XilinxBoardStore/Vivado/2019.1/boards/Xilinx/vcu129/es/1.0/1.0/board.xml as part xcvu29p-fsga2577-2l-e-es1 specified in board_part file is either invalid or not available
WARNING: [Board 49-26] cannot add Board Part xilinx.com:au280_es1:part0:1.0 available at /home/vs/.Xilinx/Vivado/2019.1/xhub/board_store/XilinxBoardStore/Vivado/2019.1/boards/Xilinx/au280/es1/1.0/1.0/board.xml as part xcu280-fsvh2892-2l-e-es1 specified in board_part file is either invalid or not available
WARNING: [Board 49-26] cannot add Board Part xilinx.com:au280_es1:part0:1.1 available at /home/vs/.Xilinx/Vivado/2019.1/xhub/board_store/XilinxBoardStore/Vivado/2019.1/boards/Xilinx/au280/es1/1.1/1.1/board.xml as part xcu280-fsvh2892-2l-e-es1 specified in board_part file is either invalid or not available
WARNING: [Board 49-26] cannot add Board Part xilinx.com:vcu128_es:part0:1.0 available at /home/vs/.Xilinx/Vivado/2019.1/xhub/board_store/XilinxBoardStore/Vivado/2019.1/boards/Xilinx/vcu128/1.0/1.0/board.xml as part xcvu37p-fsvh2892-2l-e-es1 specified in board_part file is either invalid or not available
WARNING: [Board 49-26] cannot add Board Part xilinx.com:vcu128_es:part0:1.1 available at /home/vs/.Xilinx/Vivado/2019.1/xhub/board_store/XilinxBoardStore/Vivado/2019.1/boards/Xilinx/vcu128/1.1/1.1/board.xml as part xcvu37p-fsvh2892-2l-e-es1 specified in board_part file is either invalid or not available
WARNING: [Board 49-26] cannot add Board Part xilinx.com:vcu129:part0:1.0 available at /home/vs/.Xilinx/Vivado/2019.1/xhub/board_store/XilinxBoardStore/Vivado/2019.1/boards/Xilinx/vcu129/production/1.0/1.0/board.xml as part xcvu29p-fsga2577-2l-e specified in board_part file is either invalid or not available
WARNING: [Board 49-26] cannot add Board Part xilinx.com:vcu129_es:part0:1.0 available at /home/vs/.Xilinx/Vivado/2019.1/xhub/board_store/XilinxBoardStore/Vivado/2019.1/boards/Xilinx/vcu129/es/1.0/1.0/board.xml as part xcvu29p-fsga2577-2l-e-es1 specified in board_part file is either invalid or not available
create_project HW_2-hardwere_add-subtract /home/vs/funtion/verilog/ELD_LAB/HW_2-hardwere_add-subtract -part xc7z020clg484-1
INFO: [IP_Flow 19-234] Refreshing IP repositories
INFO: [IP_Flow 19-1704] No user IP repositories specified
INFO: [IP_Flow 19-2313] Loaded Vivado IP repository '/tools/Xilinx/Vivado/2019.1/data/ip'.
create_project: Time (s): cpu = 00:00:19 ; elapsed = 00:00:14 . Memory (MB): peak = 6625.586 ; gain = 127.977 ; free physical = 158 ; free virtual = 3251
set_property board_part digilentinc.com:zedboard:part0:1.0 [current_project]
file mkdir /home/vs/funtion/verilog/ELD_LAB/HW_2-hardwere_add-subtract/HW_2-hardwere_add-subtract.srcs/sources_1/new
close [ open /home/vs/funtion/verilog/ELD_LAB/HW_2-hardwere_add-subtract/HW_2-hardwere_add-subtract.srcs/sources_1/new/top_adder.v w ]
add_files /home/vs/funtion/verilog/ELD_LAB/HW_2-hardwere_add-subtract/HW_2-hardwere_add-subtract.srcs/sources_1/new/top_adder.v
close [ open /home/vs/funtion/verilog/ELD_LAB/HW_2-hardwere_add-subtract/HW_2-hardwere_add-subtract.srcs/sources_1/new/full_adder_1bit.v w ]
add_files /home/vs/funtion/verilog/ELD_LAB/HW_2-hardwere_add-subtract/HW_2-hardwere_add-subtract.srcs/sources_1/new/full_adder_1bit.v
update_compile_order -fileset sources_1
update_compile_order -fileset sources_1
create_ip -name vio -vendor xilinx.com -library ip -version 3.0 -module_name vio_0
set_property -dict [list CONFIG.C_NUM_PROBE_OUT {3} CONFIG.C_NUM_PROBE_IN {4}] [get_ips vio_0]
generate_target {instantiation_template} [get_files /home/vs/funtion/verilog/ELD_LAB/HW_2-hardwere_add-subtract/HW_2-hardwere_add-subtract.srcs/sources_1/ip/vio_0/vio_0.xci]
INFO: [IP_Flow 19-1686] Generating 'Instantiation Template' target for IP 'vio_0'...
update_compile_order -fileset sources_1
set_property -dict [list CONFIG.C_PROBE_OUT1_WIDTH {4} CONFIG.C_PROBE_OUT0_WIDTH {4} CONFIG.C_PROBE_IN0_WIDTH {5}] [get_ips vio_0]
close [ open /home/vs/funtion/verilog/ELD_LAB/HW_2-hardwere_add-subtract/HW_2-hardwere_add-subtract.srcs/sources_1/new/top_adder_hware.v w ]
add_files /home/vs/funtion/verilog/ELD_LAB/HW_2-hardwere_add-subtract/HW_2-hardwere_add-subtract.srcs/sources_1/new/top_adder_hware.v
update_compile_order -fileset sources_1
update_compile_order -fileset sources_1
file mkdir /home/vs/funtion/verilog/ELD_LAB/HW_2-hardwere_add-subtract/HW_2-hardwere_add-subtract.srcs/constrs_1
file mkdir /home/vs/funtion/verilog/ELD_LAB/HW_2-hardwere_add-subtract/HW_2-hardwere_add-subtract.srcs/constrs_1/new
close [ open /home/vs/funtion/verilog/ELD_LAB/HW_2-hardwere_add-subtract/HW_2-hardwere_add-subtract.srcs/constrs_1/new/Zed_cons.xdc w ]
add_files -fileset constrs_1 /home/vs/funtion/verilog/ELD_LAB/HW_2-hardwere_add-subtract/HW_2-hardwere_add-subtract.srcs/constrs_1/new/Zed_cons.xdc
launch_runs impl_1 -to_step write_bitstream -jobs 4
INFO: [IP_Flow 19-1686] Generating 'Synthesis' target for IP 'vio_0'...
[Fri Sep  1 13:10:03 2023] Launched vio_0_synth_1, synth_1...
Run output will be captured here:
vio_0_synth_1: /home/vs/funtion/verilog/ELD_LAB/HW_2-hardwere_add-subtract/HW_2-hardwere_add-subtract.runs/vio_0_synth_1/runme.log
synth_1: /home/vs/funtion/verilog/ELD_LAB/HW_2-hardwere_add-subtract/HW_2-hardwere_add-subtract.runs/synth_1/runme.log
[Fri Sep  1 13:10:03 2023] Launched impl_1...
Run output will be captured here: /home/vs/funtion/verilog/ELD_LAB/HW_2-hardwere_add-subtract/HW_2-hardwere_add-subtract.runs/impl_1/runme.log
