#-----------------------------------------------------------
# Vivado v2023.1 (64-bit)
# SW Build 3865809 on Sun May  7 15:04:56 MDT 2023
# IP Build 3864474 on Sun May  7 20:36:21 MDT 2023
# SharedData Build 3865790 on Sun May 07 13:33:03 MDT 2023
# Start of session at: Tue Aug 15 13:51:00 2023
# Process ID: 5829
# Current directory: /home/vs/funtion/verilog/ELD_LAB
# Command line: vivado
# Log file: /home/vs/funtion/verilog/ELD_LAB/vivado.log
# Journal file: /home/vs/funtion/verilog/ELD_LAB/vivado.jou
# Running On: buntu, OS: Linux, CPU Frequency: 1215.288 MHz, CPU Physical cores: 4, Host memory: 8145 MB
#-----------------------------------------------------------
start_gui
WARNING: [Board 49-26] cannot add Board Part xilinx.com:kc705:part0:1.6 available at /tools/Xilinx/Vivado/2023.1/data/xhub/boards/XilinxBoardStore/boards/Xilinx/kc705/1.6/board.xml as part xc7k325tffg900-2 specified in board_part file is either invalid or not available
WARNING: [Board 49-26] cannot add Board Part xilinx.com:kcu105:part0:1.6 available at /tools/Xilinx/Vivado/2023.1/data/xhub/boards/XilinxBoardStore/boards/Xilinx/kcu105/1.6/board.xml as part xcku040-ffva1156-2-e specified in board_part file is either invalid or not available
WARNING: [Board 49-26] cannot add Board Part xilinx.com:kcu105:part0:1.7 available at /tools/Xilinx/Vivado/2023.1/data/xhub/boards/XilinxBoardStore/boards/Xilinx/kcu105/1.7/board.xml as part xcku040-ffva1156-2-e specified in board_part file is either invalid or not available
WARNING: [Board 49-26] cannot add Board Part xilinx.com:kcu1500:part0:1.2 available at /tools/Xilinx/Vivado/2023.1/data/xhub/boards/XilinxBoardStore/boards/Xilinx/kcu1500/1.2/board.xml as part xcku115-flvb2104-2-e specified in board_part file is either invalid or not available
WARNING: [Board 49-26] cannot add Board Part xilinx.com:vc707:part0:1.4 available at /tools/Xilinx/Vivado/2023.1/data/xhub/boards/XilinxBoardStore/boards/Xilinx/vc707/1.4/board.xml as part xc7vx485tffg1761-2 specified in board_part file is either invalid or not available
WARNING: [Board 49-26] cannot add Board Part xilinx.com:vc709:part0:1.8 available at /tools/Xilinx/Vivado/2023.1/data/xhub/boards/XilinxBoardStore/boards/Xilinx/vc709/1.8/board.xml as part xc7vx690tffg1761-2 specified in board_part file is either invalid or not available
WARNING: [Board 49-26] cannot add Board Part xilinx.com:vck190:part0:2.2 available at /tools/Xilinx/Vivado/2023.1/data/xhub/boards/XilinxBoardStore/boards/Xilinx/vck190/production/2.2/board.xml as part xcvc1902-vsva2197-2mp-e-s specified in board_part file is either invalid or not available
WARNING: [Board 49-26] cannot add Board Part xilinx.com:vck190:part0:3.0 available at /tools/Xilinx/Vivado/2023.1/data/xhub/boards/XilinxBoardStore/boards/Xilinx/vck190/production/3.0/board.xml as part xcvc1902-vsva2197-2mp-e-s specified in board_part file is either invalid or not available
WARNING: [Board 49-26] cannot add Board Part xilinx.com:vck190:part0:3.1 available at /tools/Xilinx/Vivado/2023.1/data/xhub/boards/XilinxBoardStore/boards/Xilinx/vck190/production/3.1/board.xml as part xcvc1902-vsva2197-2mp-e-s specified in board_part file is either invalid or not available
WARNING: [Board 49-26] cannot add Board Part xilinx.com:vck190:part0:3.2 available at /tools/Xilinx/Vivado/2023.1/data/xhub/boards/XilinxBoardStore/boards/Xilinx/vck190/production/3.2/board.xml as part xcvc1902-vsva2197-2mp-e-s specified in board_part file is either invalid or not available
WARNING: [Board 49-26] cannot add Board Part xilinx.com:vck190_newl:part0:1.0 available at /tools/Xilinx/Vivado/2023.1/data/xhub/boards/XilinxBoardStore/boards/Xilinx/vck190_newl/production/1.0/board.xml as part xcvc1902-vsva2197-2mp-e-s specified in board_part file is either invalid or not available
WARNING: [Board 49-26] cannot add Board Part xilinx.com:vck190_newl:part0:1.1 available at /tools/Xilinx/Vivado/2023.1/data/xhub/boards/XilinxBoardStore/boards/Xilinx/vck190_newl/production/1.1/board.xml as part xcvc1902-vsva2197-2mp-e-s specified in board_part file is either invalid or not available
WARNING: [Board 49-26] cannot add Board Part xilinx.com:vcu108:part0:1.6 available at /tools/Xilinx/Vivado/2023.1/data/xhub/boards/XilinxBoardStore/boards/Xilinx/vcu108/1.6/board.xml as part xcvu095-ffva2104-2-e specified in board_part file is either invalid or not available
WARNING: [Board 49-26] cannot add Board Part xilinx.com:vcu108:part0:1.7 available at /tools/Xilinx/Vivado/2023.1/data/xhub/boards/XilinxBoardStore/boards/Xilinx/vcu108/1.7/board.xml as part xcvu095-ffva2104-2-e specified in board_part file is either invalid or not available
WARNING: [Board 49-26] cannot add Board Part xilinx.com:vcu110:part0:1.4 available at /tools/Xilinx/Vivado/2023.1/data/xhub/boards/XilinxBoardStore/boards/Xilinx/vcu110/1.4/board.xml as part xcvu190-flgc2104-2-e specified in board_part file is either invalid or not available
WARNING: [Board 49-26] cannot add Board Part xilinx.com:vcu118:part0:2.0 available at /tools/Xilinx/Vivado/2023.1/data/xhub/boards/XilinxBoardStore/boards/Xilinx/vcu118/2.0/board.xml as part xcvu9p-flga2104-2l-e specified in board_part file is either invalid or not available
WARNING: [Board 49-26] cannot add Board Part xilinx.com:vcu118:part0:2.3 available at /tools/Xilinx/Vivado/2023.1/data/xhub/boards/XilinxBoardStore/boards/Xilinx/vcu118/2.3/board.xml as part xcvu9p-flga2104-2l-e specified in board_part file is either invalid or not available
WARNING: [Board 49-26] cannot add Board Part xilinx.com:vcu118:part0:2.4 available at /tools/Xilinx/Vivado/2023.1/data/xhub/boards/XilinxBoardStore/boards/Xilinx/vcu118/2.4/board.xml as part xcvu9p-flga2104-2l-e specified in board_part file is either invalid or not available
WARNING: [Board 49-26] cannot add Board Part xilinx.com:vcu129:part0:1.0 available at /tools/Xilinx/Vivado/2023.1/data/xhub/boards/XilinxBoardStore/boards/Xilinx/vcu129/production/1.0/board.xml as part xcvu29p-fsga2577-2l-e specified in board_part file is either invalid or not available
WARNING: [Board 49-26] cannot add Board Part xilinx.com:vcu1525:part0:1.3 available at /tools/Xilinx/Vivado/2023.1/data/xhub/boards/XilinxBoardStore/boards/Xilinx/vcu1525/1.3/board.xml as part xcvu9p-fsgd2104-2l-e specified in board_part file is either invalid or not available
WARNING: [Board 49-26] cannot add Board Part xilinx.com:vek280_es:part0:1.0 available at /tools/Xilinx/Vivado/2023.1/data/xhub/boards/XilinxBoardStore/boards/Xilinx/vek280/es/rev_a/1.0/board.xml as part xcve2802-vsvh1760-2lp-e-s-es1 specified in board_part file is either invalid or not available
WARNING: [Board 49-26] cannot add Board Part xilinx.com:vek280_es:part0:1.1 available at /tools/Xilinx/Vivado/2023.1/data/xhub/boards/XilinxBoardStore/boards/Xilinx/vek280/es/rev_a/1.1/board.xml as part xcve2802-vsvh1760-2lp-e-s-es1 specified in board_part file is either invalid or not available
WARNING: [Board 49-26] cannot add Board Part xilinx.com:vek280_es_revb:part0:1.0 available at /tools/Xilinx/Vivado/2023.1/data/xhub/boards/XilinxBoardStore/boards/Xilinx/vek280/es/rev_b/1.0/board.xml as part xcve2802-vsvh1760-2mp-e-s-es1 specified in board_part file is either invalid or not available
WARNING: [Board 49-26] cannot add Board Part xilinx.com:vek280_es_revb:part0:1.1 available at /tools/Xilinx/Vivado/2023.1/data/xhub/boards/XilinxBoardStore/boards/Xilinx/vek280/es/rev_b/1.1/board.xml as part xcve2802-vsvh1760-2mp-e-s-es1 specified in board_part file is either invalid or not available
WARNING: [Board 49-26] cannot add Board Part xilinx.com:vermeo_t1_mpsoc:part0:1.0 available at /tools/Xilinx/Vivado/2023.1/data/xhub/boards/XilinxBoardStore/boards/Xilinx/vermeo_t1_mpsoc/1.0/board.xml as part xczu19eg-ffvd1760-2l-e specified in board_part file is either invalid or not available
WARNING: [Board 49-26] cannot add Board Part xilinx.com:vermeo_t1_rfsoc:part0:1.0 available at /tools/Xilinx/Vivado/2023.1/data/xhub/boards/XilinxBoardStore/boards/Xilinx/vermeo_t1_rfsoc/1.0/board.xml as part xczu21dr-ffvd1156-2l-e specified in board_part file is either invalid or not available
WARNING: [Board 49-26] cannot add Board Part xilinx.com:vhk158:part0:1.0 available at /tools/Xilinx/Vivado/2023.1/data/xhub/boards/XilinxBoardStore/boards/Xilinx/vhk158/production/1.0/board.xml as part xcvh1582-vsva3697-2mp-e-s specified in board_part file is either invalid or not available
WARNING: [Board 49-26] cannot add Board Part xilinx.com:vhk158_es:part0:1.0 available at /tools/Xilinx/Vivado/2023.1/data/xhub/boards/XilinxBoardStore/boards/Xilinx/vhk158/es/1.0/board.xml as part xcvh1582-vsva3697-2mp-e-s-es1 specified in board_part file is either invalid or not available
WARNING: [Board 49-26] cannot add Board Part xilinx.com:vhk158_es:part0:1.1 available at /tools/Xilinx/Vivado/2023.1/data/xhub/boards/XilinxBoardStore/boards/Xilinx/vhk158/es/1.1/board.xml as part xcvh1582-vsva3697-2mp-e-s-es1 specified in board_part file is either invalid or not available
WARNING: [Board 49-26] cannot add Board Part xilinx.com:vmk180:part0:2.2 available at /tools/Xilinx/Vivado/2023.1/data/xhub/boards/XilinxBoardStore/boards/Xilinx/vmk180/production/2.2/board.xml as part xcvm1802-vsva2197-2mp-e-s specified in board_part file is either invalid or not available
WARNING: [Board 49-26] cannot add Board Part xilinx.com:vmk180:part0:3.0 available at /tools/Xilinx/Vivado/2023.1/data/xhub/boards/XilinxBoardStore/boards/Xilinx/vmk180/production/3.0/board.xml as part xcvm1802-vsva2197-2mp-e-s specified in board_part file is either invalid or not available
WARNING: [Board 49-26] cannot add Board Part xilinx.com:vmk180:part0:3.1 available at /tools/Xilinx/Vivado/2023.1/data/xhub/boards/XilinxBoardStore/boards/Xilinx/vmk180/production/3.1/board.xml as part xcvm1802-vsva2197-2mp-e-s specified in board_part file is either invalid or not available
WARNING: [Board 49-26] cannot add Board Part xilinx.com:vmk180:part0:3.2 available at /tools/Xilinx/Vivado/2023.1/data/xhub/boards/XilinxBoardStore/boards/Xilinx/vmk180/production/3.2/board.xml as part xcvm1802-vsva2197-2mp-e-s specified in board_part file is either invalid or not available
WARNING: [Board 49-26] cannot add Board Part xilinx.com:vmk180_newl:part0:1.0 available at /tools/Xilinx/Vivado/2023.1/data/xhub/boards/XilinxBoardStore/boards/Xilinx/vmk180_newl/production/1.0/board.xml as part xcvm1802-vsva2197-2mp-e-s specified in board_part file is either invalid or not available
WARNING: [Board 49-26] cannot add Board Part xilinx.com:vmk180_newl:part0:1.1 available at /tools/Xilinx/Vivado/2023.1/data/xhub/boards/XilinxBoardStore/boards/Xilinx/vmk180_newl/production/1.1/board.xml as part xcvm1802-vsva2197-2mp-e-s specified in board_part file is either invalid or not available
WARNING: [Board 49-26] cannot add Board Part xilinx.com:vpk120:part0:1.0 available at /tools/Xilinx/Vivado/2023.1/data/xhub/boards/XilinxBoardStore/boards/Xilinx/vpk120/production/1.0/board.xml as part xcvp1202-vsva2785-2mp-e-s specified in board_part file is either invalid or not available
WARNING: [Board 49-26] cannot add Board Part xilinx.com:vpk120:part0:1.1 available at /tools/Xilinx/Vivado/2023.1/data/xhub/boards/XilinxBoardStore/boards/Xilinx/vpk120/production/1.1/board.xml as part xcvp1202-vsva2785-2mp-e-s specified in board_part file is either invalid or not available
WARNING: [Board 49-26] cannot add Board Part xilinx.com:vpk120_es:part0:1.2 available at /tools/Xilinx/Vivado/2023.1/data/xhub/boards/XilinxBoardStore/boards/Xilinx/vpk120/es/1.2/board.xml as part xcvp1202-vsva2785-2mp-e-s-es1 specified in board_part file is either invalid or not available
WARNING: [Board 49-26] cannot add Board Part xilinx.com:vpk120_es:part0:1.3 available at /tools/Xilinx/Vivado/2023.1/data/xhub/boards/XilinxBoardStore/boards/Xilinx/vpk120/es/1.3/board.xml as part xcvp1202-vsva2785-2mp-e-s-es1 specified in board_part file is either invalid or not available
WARNING: [Board 49-26] cannot add Board Part xilinx.com:vpk120_es_revb:part0:1.0 available at /tools/Xilinx/Vivado/2023.1/data/xhub/boards/XilinxBoardStore/boards/Xilinx/vpk120_revb/es/1.0/board.xml as part xcvp1202-vsva2785-2mp-e-s-es1 specified in board_part file is either invalid or not available
WARNING: [Board 49-26] cannot add Board Part xilinx.com:vpk120_es_revb:part0:1.1 available at /tools/Xilinx/Vivado/2023.1/data/xhub/boards/XilinxBoardStore/boards/Xilinx/vpk120_revb/es/1.1/board.xml as part xcvp1202-vsva2785-2mp-e-s-es1 specified in board_part file is either invalid or not available
WARNING: [Board 49-26] cannot add Board Part xilinx.com:vpk180:part0:1.0 available at /tools/Xilinx/Vivado/2023.1/data/xhub/boards/XilinxBoardStore/boards/Xilinx/vpk180/production/1.0/board.xml as part xcvp1802-lsvc4072-2mp-e-s specified in board_part file is either invalid or not available
WARNING: [Board 49-26] cannot add Board Part xilinx.com:vpk180:part0:1.1 available at /tools/Xilinx/Vivado/2023.1/data/xhub/boards/XilinxBoardStore/boards/Xilinx/vpk180/production/1.1/board.xml as part xcvp1802-lsvc4072-2mp-e-s specified in board_part file is either invalid or not available
WARNING: [Board 49-26] cannot add Board Part xilinx.com:vpk180_es:part0:1.0 available at /tools/Xilinx/Vivado/2023.1/data/xhub/boards/XilinxBoardStore/boards/Xilinx/vpk180/es/1.0/board.xml as part xcvp1802-lsvc4072-2mp-e-s-es1 specified in board_part file is either invalid or not available
WARNING: [Board 49-26] cannot add Board Part xilinx.com:vpk180_es:part0:1.1 available at /tools/Xilinx/Vivado/2023.1/data/xhub/boards/XilinxBoardStore/boards/Xilinx/vpk180/es/1.1/board.xml as part xcvp1802-lsvc4072-2mp-e-s-es1 specified in board_part file is either invalid or not available
WARNING: [Board 49-26] cannot add Board Part xilinx.com:zc706:part0:1.4 available at /tools/Xilinx/Vivado/2023.1/data/xhub/boards/XilinxBoardStore/boards/Xilinx/zc706/1.4/board.xml as part xc7z045ffg900-2 specified in board_part file is either invalid or not available
WARNING: [Board 49-26] cannot add Board Part xilinx.com:zcu102:part0:3.3 available at /tools/Xilinx/Vivado/2023.1/data/xhub/boards/XilinxBoardStore/boards/Xilinx/zcu102/3.3/board.xml as part xczu9eg-ffvb1156-2-e specified in board_part file is either invalid or not available
WARNING: [Board 49-26] cannot add Board Part xilinx.com:zcu102:part0:3.4 available at /tools/Xilinx/Vivado/2023.1/data/xhub/boards/XilinxBoardStore/boards/Xilinx/zcu102/3.4/board.xml as part xczu9eg-ffvb1156-2-e specified in board_part file is either invalid or not available
WARNING: [Board 49-26] cannot add Board Part xilinx.com:zcu111:part0:1.2 available at /tools/Xilinx/Vivado/2023.1/data/xhub/boards/XilinxBoardStore/boards/Xilinx/zcu111/1.2/board.xml as part xczu28dr-ffvg1517-2-e specified in board_part file is either invalid or not available
WARNING: [Board 49-26] cannot add Board Part xilinx.com:zcu111:part0:1.3 available at /tools/Xilinx/Vivado/2023.1/data/xhub/boards/XilinxBoardStore/boards/Xilinx/zcu111/1.3/board.xml as part xczu28dr-ffvg1517-2-e specified in board_part file is either invalid or not available
WARNING: [Board 49-26] cannot add Board Part xilinx.com:zcu111:part0:1.4 available at /tools/Xilinx/Vivado/2023.1/data/xhub/boards/XilinxBoardStore/boards/Xilinx/zcu111/1.4/board.xml as part xczu28dr-ffvg1517-2-e specified in board_part file is either invalid or not available
WARNING: [Board 49-26] cannot add Board Part xilinx.com:zcu1275:part0:1.0 available at /tools/Xilinx/Vivado/2023.1/data/xhub/boards/XilinxBoardStore/boards/Xilinx/zcu1275/1.0/board.xml as part xczu29dr-ffvf1760-2-e specified in board_part file is either invalid or not available
WARNING: [Board 49-26] cannot add Board Part xilinx.com:zcu1285:part0:1.0 available at /tools/Xilinx/Vivado/2023.1/data/xhub/boards/XilinxBoardStore/boards/Xilinx/zcu1285/1.0/board.xml as part xczu39dr-ffvf1760-2-i specified in board_part file is either invalid or not available
WARNING: [Board 49-26] cannot add Board Part xilinx.com:zcu208:part0:2.0 available at /tools/Xilinx/Vivado/2023.1/data/xhub/boards/XilinxBoardStore/boards/Xilinx/zcu208/production/2.0/board.xml as part xczu48dr-fsvg1517-2-e specified in board_part file is either invalid or not available
WARNING: [Board 49-26] cannot add Board Part xilinx.com:zcu208ld:part0:2.0 available at /tools/Xilinx/Vivado/2023.1/data/xhub/boards/XilinxBoardStore/boards/Xilinx/zcu208ld/production/2.0/board.xml as part xczu58dr-fsvg1517-2-i specified in board_part file is either invalid or not available
WARNING: [Board 49-26] cannot add Board Part xilinx.com:zcu216:part0:2.0 available at /tools/Xilinx/Vivado/2023.1/data/xhub/boards/XilinxBoardStore/boards/Xilinx/zcu216/production/2.0/board.xml as part xczu49dr-ffvf1760-2-e specified in board_part file is either invalid or not available
WARNING: [Board 49-26] cannot add Board Part xilinx.com:zcu216ld:part0:2.0 available at /tools/Xilinx/Vivado/2023.1/data/xhub/boards/XilinxBoardStore/boards/Xilinx/zcu216ld/production/2.0/board.xml as part xczu59dr-ffvf1760-2-i specified in board_part file is either invalid or not available
WARNING: [Board 49-26] cannot add Board Part xilinx.com:zcu670:part0:2.0 available at /tools/Xilinx/Vivado/2023.1/data/xhub/boards/XilinxBoardStore/boards/Xilinx/zcu670/2.0/board.xml as part xczu67dr-fsve1156-2-i specified in board_part file is either invalid or not available
WARNING: [Board 49-26] cannot add Board Part xilinx.com:zcu670ld:part0:1.0 available at /tools/Xilinx/Vivado/2023.1/data/xhub/boards/XilinxBoardStore/boards/Xilinx/zcu670ld/1.0/board.xml as part xczu57dr-fsve1156-2-i specified in board_part file is either invalid or not available
WARNING: [IP_Flow 19-240] Unknown architecture 'virtex7' detected.
WARNING: [Coretcl 2-179] No part matched the expression you provided ("xcvp1202-vsva2785-2MHP-e-S").
WARNING: [Coretcl 2-179] No part matched the expression you provided ("xcvp1202-vsva2785-2MHP-e-S").
WARNING: [Board 49-26] cannot add Board Part xilinx.com:kc705:part0:1.6 available at /tools/Xilinx/Vivado/2023.1/data/xhub/boards/XilinxBoardStore/boards/Xilinx/kc705/1.6/board.xml as part xc7k325tffg900-2 specified in board_part file is either invalid or not available
WARNING: [Board 49-26] cannot add Board Part xilinx.com:kcu105:part0:1.6 available at /tools/Xilinx/Vivado/2023.1/data/xhub/boards/XilinxBoardStore/boards/Xilinx/kcu105/1.6/board.xml as part xcku040-ffva1156-2-e specified in board_part file is either invalid or not available
WARNING: [Board 49-26] cannot add Board Part xilinx.com:kcu105:part0:1.7 available at /tools/Xilinx/Vivado/2023.1/data/xhub/boards/XilinxBoardStore/boards/Xilinx/kcu105/1.7/board.xml as part xcku040-ffva1156-2-e specified in board_part file is either invalid or not available
WARNING: [Board 49-26] cannot add Board Part xilinx.com:kcu1500:part0:1.2 available at /tools/Xilinx/Vivado/2023.1/data/xhub/boards/XilinxBoardStore/boards/Xilinx/kcu1500/1.2/board.xml as part xcku115-flvb2104-2-e specified in board_part file is either invalid or not available
WARNING: [Board 49-26] cannot add Board Part xilinx.com:vc707:part0:1.4 available at /tools/Xilinx/Vivado/2023.1/data/xhub/boards/XilinxBoardStore/boards/Xilinx/vc707/1.4/board.xml as part xc7vx485tffg1761-2 specified in board_part file is either invalid or not available
WARNING: [Board 49-26] cannot add Board Part xilinx.com:vc709:part0:1.8 available at /tools/Xilinx/Vivado/2023.1/data/xhub/boards/XilinxBoardStore/boards/Xilinx/vc709/1.8/board.xml as part xc7vx690tffg1761-2 specified in board_part file is either invalid or not available
WARNING: [Board 49-26] cannot add Board Part xilinx.com:vck190:part0:2.2 available at /tools/Xilinx/Vivado/2023.1/data/xhub/boards/XilinxBoardStore/boards/Xilinx/vck190/production/2.2/board.xml as part xcvc1902-vsva2197-2mp-e-s specified in board_part file is either invalid or not available
WARNING: [Board 49-26] cannot add Board Part xilinx.com:vck190:part0:3.0 available at /tools/Xilinx/Vivado/2023.1/data/xhub/boards/XilinxBoardStore/boards/Xilinx/vck190/production/3.0/board.xml as part xcvc1902-vsva2197-2mp-e-s specified in board_part file is either invalid or not available
WARNING: [Board 49-26] cannot add Board Part xilinx.com:vck190:part0:3.1 available at /tools/Xilinx/Vivado/2023.1/data/xhub/boards/XilinxBoardStore/boards/Xilinx/vck190/production/3.1/board.xml as part xcvc1902-vsva2197-2mp-e-s specified in board_part file is either invalid or not available
WARNING: [Board 49-26] cannot add Board Part xilinx.com:vck190:part0:3.2 available at /tools/Xilinx/Vivado/2023.1/data/xhub/boards/XilinxBoardStore/boards/Xilinx/vck190/production/3.2/board.xml as part xcvc1902-vsva2197-2mp-e-s specified in board_part file is either invalid or not available
WARNING: [Board 49-26] cannot add Board Part xilinx.com:vck190_newl:part0:1.0 available at /tools/Xilinx/Vivado/2023.1/data/xhub/boards/XilinxBoardStore/boards/Xilinx/vck190_newl/production/1.0/board.xml as part xcvc1902-vsva2197-2mp-e-s specified in board_part file is either invalid or not available
WARNING: [Board 49-26] cannot add Board Part xilinx.com:vck190_newl:part0:1.1 available at /tools/Xilinx/Vivado/2023.1/data/xhub/boards/XilinxBoardStore/boards/Xilinx/vck190_newl/production/1.1/board.xml as part xcvc1902-vsva2197-2mp-e-s specified in board_part file is either invalid or not available
WARNING: [Board 49-26] cannot add Board Part xilinx.com:vcu108:part0:1.6 available at /tools/Xilinx/Vivado/2023.1/data/xhub/boards/XilinxBoardStore/boards/Xilinx/vcu108/1.6/board.xml as part xcvu095-ffva2104-2-e specified in board_part file is either invalid or not available
WARNING: [Board 49-26] cannot add Board Part xilinx.com:vcu108:part0:1.7 available at /tools/Xilinx/Vivado/2023.1/data/xhub/boards/XilinxBoardStore/boards/Xilinx/vcu108/1.7/board.xml as part xcvu095-ffva2104-2-e specified in board_part file is either invalid or not available
WARNING: [Board 49-26] cannot add Board Part xilinx.com:vcu110:part0:1.4 available at /tools/Xilinx/Vivado/2023.1/data/xhub/boards/XilinxBoardStore/boards/Xilinx/vcu110/1.4/board.xml as part xcvu190-flgc2104-2-e specified in board_part file is either invalid or not available
WARNING: [Board 49-26] cannot add Board Part xilinx.com:vcu118:part0:2.0 available at /tools/Xilinx/Vivado/2023.1/data/xhub/boards/XilinxBoardStore/boards/Xilinx/vcu118/2.0/board.xml as part xcvu9p-flga2104-2l-e specified in board_part file is either invalid or not available
WARNING: [Board 49-26] cannot add Board Part xilinx.com:vcu118:part0:2.3 available at /tools/Xilinx/Vivado/2023.1/data/xhub/boards/XilinxBoardStore/boards/Xilinx/vcu118/2.3/board.xml as part xcvu9p-flga2104-2l-e specified in board_part file is either invalid or not available
WARNING: [Board 49-26] cannot add Board Part xilinx.com:vcu118:part0:2.4 available at /tools/Xilinx/Vivado/2023.1/data/xhub/boards/XilinxBoardStore/boards/Xilinx/vcu118/2.4/board.xml as part xcvu9p-flga2104-2l-e specified in board_part file is either invalid or not available
WARNING: [Board 49-26] cannot add Board Part xilinx.com:vcu129:part0:1.0 available at /tools/Xilinx/Vivado/2023.1/data/xhub/boards/XilinxBoardStore/boards/Xilinx/vcu129/production/1.0/board.xml as part xcvu29p-fsga2577-2l-e specified in board_part file is either invalid or not available
WARNING: [Board 49-26] cannot add Board Part xilinx.com:vcu1525:part0:1.3 available at /tools/Xilinx/Vivado/2023.1/data/xhub/boards/XilinxBoardStore/boards/Xilinx/vcu1525/1.3/board.xml as part xcvu9p-fsgd2104-2l-e specified in board_part file is either invalid or not available
WARNING: [Board 49-26] cannot add Board Part xilinx.com:vek280_es:part0:1.0 available at /tools/Xilinx/Vivado/2023.1/data/xhub/boards/XilinxBoardStore/boards/Xilinx/vek280/es/rev_a/1.0/board.xml as part xcve2802-vsvh1760-2lp-e-s-es1 specified in board_part file is either invalid or not available
WARNING: [Board 49-26] cannot add Board Part xilinx.com:vek280_es:part0:1.1 available at /tools/Xilinx/Vivado/2023.1/data/xhub/boards/XilinxBoardStore/boards/Xilinx/vek280/es/rev_a/1.1/board.xml as part xcve2802-vsvh1760-2lp-e-s-es1 specified in board_part file is either invalid or not available
WARNING: [Board 49-26] cannot add Board Part xilinx.com:vek280_es_revb:part0:1.0 available at /tools/Xilinx/Vivado/2023.1/data/xhub/boards/XilinxBoardStore/boards/Xilinx/vek280/es/rev_b/1.0/board.xml as part xcve2802-vsvh1760-2mp-e-s-es1 specified in board_part file is either invalid or not available
WARNING: [Board 49-26] cannot add Board Part xilinx.com:vek280_es_revb:part0:1.1 available at /tools/Xilinx/Vivado/2023.1/data/xhub/boards/XilinxBoardStore/boards/Xilinx/vek280/es/rev_b/1.1/board.xml as part xcve2802-vsvh1760-2mp-e-s-es1 specified in board_part file is either invalid or not available
WARNING: [Board 49-26] cannot add Board Part xilinx.com:vermeo_t1_mpsoc:part0:1.0 available at /tools/Xilinx/Vivado/2023.1/data/xhub/boards/XilinxBoardStore/boards/Xilinx/vermeo_t1_mpsoc/1.0/board.xml as part xczu19eg-ffvd1760-2l-e specified in board_part file is either invalid or not available
WARNING: [Board 49-26] cannot add Board Part xilinx.com:vermeo_t1_rfsoc:part0:1.0 available at /tools/Xilinx/Vivado/2023.1/data/xhub/boards/XilinxBoardStore/boards/Xilinx/vermeo_t1_rfsoc/1.0/board.xml as part xczu21dr-ffvd1156-2l-e specified in board_part file is either invalid or not available
WARNING: [Board 49-26] cannot add Board Part xilinx.com:vhk158:part0:1.0 available at /tools/Xilinx/Vivado/2023.1/data/xhub/boards/XilinxBoardStore/boards/Xilinx/vhk158/production/1.0/board.xml as part xcvh1582-vsva3697-2mp-e-s specified in board_part file is either invalid or not available
WARNING: [Board 49-26] cannot add Board Part xilinx.com:vhk158_es:part0:1.0 available at /tools/Xilinx/Vivado/2023.1/data/xhub/boards/XilinxBoardStore/boards/Xilinx/vhk158/es/1.0/board.xml as part xcvh1582-vsva3697-2mp-e-s-es1 specified in board_part file is either invalid or not available
WARNING: [Board 49-26] cannot add Board Part xilinx.com:vhk158_es:part0:1.1 available at /tools/Xilinx/Vivado/2023.1/data/xhub/boards/XilinxBoardStore/boards/Xilinx/vhk158/es/1.1/board.xml as part xcvh1582-vsva3697-2mp-e-s-es1 specified in board_part file is either invalid or not available
WARNING: [Board 49-26] cannot add Board Part xilinx.com:vmk180:part0:2.2 available at /tools/Xilinx/Vivado/2023.1/data/xhub/boards/XilinxBoardStore/boards/Xilinx/vmk180/production/2.2/board.xml as part xcvm1802-vsva2197-2mp-e-s specified in board_part file is either invalid or not available
WARNING: [Board 49-26] cannot add Board Part xilinx.com:vmk180:part0:3.0 available at /tools/Xilinx/Vivado/2023.1/data/xhub/boards/XilinxBoardStore/boards/Xilinx/vmk180/production/3.0/board.xml as part xcvm1802-vsva2197-2mp-e-s specified in board_part file is either invalid or not available
WARNING: [Board 49-26] cannot add Board Part xilinx.com:vmk180:part0:3.1 available at /tools/Xilinx/Vivado/2023.1/data/xhub/boards/XilinxBoardStore/boards/Xilinx/vmk180/production/3.1/board.xml as part xcvm1802-vsva2197-2mp-e-s specified in board_part file is either invalid or not available
WARNING: [Board 49-26] cannot add Board Part xilinx.com:vmk180:part0:3.2 available at /tools/Xilinx/Vivado/2023.1/data/xhub/boards/XilinxBoardStore/boards/Xilinx/vmk180/production/3.2/board.xml as part xcvm1802-vsva2197-2mp-e-s specified in board_part file is either invalid or not available
WARNING: [Board 49-26] cannot add Board Part xilinx.com:vmk180_newl:part0:1.0 available at /tools/Xilinx/Vivado/2023.1/data/xhub/boards/XilinxBoardStore/boards/Xilinx/vmk180_newl/production/1.0/board.xml as part xcvm1802-vsva2197-2mp-e-s specified in board_part file is either invalid or not available
WARNING: [Board 49-26] cannot add Board Part xilinx.com:vmk180_newl:part0:1.1 available at /tools/Xilinx/Vivado/2023.1/data/xhub/boards/XilinxBoardStore/boards/Xilinx/vmk180_newl/production/1.1/board.xml as part xcvm1802-vsva2197-2mp-e-s specified in board_part file is either invalid or not available
WARNING: [Board 49-26] cannot add Board Part xilinx.com:vpk120:part0:1.0 available at /tools/Xilinx/Vivado/2023.1/data/xhub/boards/XilinxBoardStore/boards/Xilinx/vpk120/production/1.0/board.xml as part xcvp1202-vsva2785-2mp-e-s specified in board_part file is either invalid or not available
WARNING: [Board 49-26] cannot add Board Part xilinx.com:vpk120:part0:1.1 available at /tools/Xilinx/Vivado/2023.1/data/xhub/boards/XilinxBoardStore/boards/Xilinx/vpk120/production/1.1/board.xml as part xcvp1202-vsva2785-2mp-e-s specified in board_part file is either invalid or not available
WARNING: [Board 49-26] cannot add Board Part xilinx.com:vpk120_es:part0:1.2 available at /tools/Xilinx/Vivado/2023.1/data/xhub/boards/XilinxBoardStore/boards/Xilinx/vpk120/es/1.2/board.xml as part xcvp1202-vsva2785-2mp-e-s-es1 specified in board_part file is either invalid or not available
WARNING: [Board 49-26] cannot add Board Part xilinx.com:vpk120_es:part0:1.3 available at /tools/Xilinx/Vivado/2023.1/data/xhub/boards/XilinxBoardStore/boards/Xilinx/vpk120/es/1.3/board.xml as part xcvp1202-vsva2785-2mp-e-s-es1 specified in board_part file is either invalid or not available
WARNING: [Board 49-26] cannot add Board Part xilinx.com:vpk120_es_revb:part0:1.0 available at /tools/Xilinx/Vivado/2023.1/data/xhub/boards/XilinxBoardStore/boards/Xilinx/vpk120_revb/es/1.0/board.xml as part xcvp1202-vsva2785-2mp-e-s-es1 specified in board_part file is either invalid or not available
WARNING: [Board 49-26] cannot add Board Part xilinx.com:vpk120_es_revb:part0:1.1 available at /tools/Xilinx/Vivado/2023.1/data/xhub/boards/XilinxBoardStore/boards/Xilinx/vpk120_revb/es/1.1/board.xml as part xcvp1202-vsva2785-2mp-e-s-es1 specified in board_part file is either invalid or not available
INFO: [Common 17-14] Message 'Board 49-26' appears 100 times and further instances of the messages will be disabled. Use the Tcl command set_msg_config to change the current settings.
WARNING: [Vivado 12-4842] No board parts matched 'get_board_parts -filter {(BOARD_NAME =~"*vck190*" && VENDOR_NAME=="xilinx.com" ) || (BOARD_NAME =~"*vmk180*" && VENDOR_NAME=="xilinx.com" )} -latest_file_version'.
WARNING: [Vivado 12-4842] No board parts matched 'get_board_parts -filter {(BOARD_NAME =~"*vck190*" && VENDOR_NAME=="xilinx.com" ) || (BOARD_NAME =~"*vmk180*" && VENDOR_NAME=="xilinx.com" )} -latest_file_version'.
WARNING: [Vivado 12-4842] No board parts matched 'get_board_parts -filter {(BOARD_NAME =~"*vck190*" && VENDOR_NAME=="xilinx.com")} -latest_file_version'.
WARNING: [Vivado 12-4842] No board parts matched 'get_board_parts -filter {(BOARD_NAME =~"*vck190*" && VENDOR_NAME=="xilinx.com")} -latest_file_version'.
WARNING: [Vivado 12-4842] No board parts matched 'get_board_parts -filter {(BOARD_NAME =~"*vck190*" && VENDOR_NAME=="xilinx.com" )} -latest_file_version'.
WARNING: [Vivado 12-4842] No board parts matched 'get_board_parts -filter {(BOARD_NAME =~"*vck190*" && VENDOR_NAME=="xilinx.com" )} -latest_file_version'.
WARNING: [Vivado 12-4842] No board parts matched 'get_board_parts -filter {(BOARD_NAME =~"*vck190*" && VENDOR_NAME=="xilinx.com" ) || (BOARD_NAME =~"*vpk120*" && VENDOR_NAME=="xilinx.com" )} -latest_file_version'.
WARNING: [Vivado 12-4842] No board parts matched 'get_board_parts -filter {(BOARD_NAME =~"*vck190*" && VENDOR_NAME=="xilinx.com" ) || (BOARD_NAME =~"*vpk120*" && VENDOR_NAME=="xilinx.com" )} -latest_file_version'.
WARNING: [Vivado 12-4842] No board parts matched 'get_board_parts -latest_file_version -filter {(BOARD_NAME =~"*vck190*" && VENDOR_NAME=="xilinx.com") ||  (BOARD_NAME =~"*vmk180*" && VENDOR_NAME=="xilinx.com") ||  (BOARD_NAME =~"*vpk120*" && VENDOR_NAME=="xilinx.com")}'.
WARNING: [Vivado 12-4842] No board parts matched 'get_board_parts -latest_file_version -filter {(BOARD_NAME =~"*vck190*" && VENDOR_NAME=="xilinx.com") ||  (BOARD_NAME =~"*vmk180*" && VENDOR_NAME=="xilinx.com") ||  (BOARD_NAME =~"*vpk120*" && VENDOR_NAME=="xilinx.com")}'.
WARNING: [Vivado 12-4842] No board parts matched 'get_board_parts *vck190:part0* -latest_file_version'.
WARNING: [Vivado 12-4842] No board parts matched 'get_board_parts *vck190_newl:part0* -latest_file_version'.
WARNING: [Vivado 12-4842] No board parts matched 'get_board_parts *vek280_es:part0* -latest_file_version'.
WARNING: [Vivado 12-4842] No board parts matched 'get_board_parts *vek280_es_revb:part0* -latest_file_version'.
WARNING: [Vivado 12-4842] No board parts matched 'get_board_parts *vhk158:part0* -latest_file_version'.
WARNING: [Vivado 12-4842] No board parts matched 'get_board_parts *vhk158_es:part0* -latest_file_version'.
WARNING: [Vivado 12-4842] No board parts matched 'get_board_parts *vmk180:part0* -latest_file_version'.
WARNING: [Vivado 12-4842] No board parts matched 'get_board_parts *vmk180_newl:part0* -latest_file_version'.
WARNING: [Vivado 12-4842] No board parts matched 'get_board_parts *vpk120:part0* -latest_file_version'.
WARNING: [Vivado 12-4842] No board parts matched 'get_board_parts *vpk120_es:part0* -latest_file_version'.
WARNING: [Vivado 12-4842] No board parts matched 'get_board_parts *vpk120_es_revb:part0* -latest_file_version'.
WARNING: [Vivado 12-4842] No board parts matched 'get_board_parts *vpk180:part0* -latest_file_version'.
WARNING: [Vivado 12-4842] No board parts matched 'get_board_parts *vpk180_es:part0* -latest_file_version'.
WARNING: [Vivado 12-4842] No board parts matched 'get_board_parts *vck190:part0* -latest_file_version'.
WARNING: [Vivado 12-4842] No board parts matched 'get_board_parts *vck190_newl:part0* -latest_file_version'.
WARNING: [Vivado 12-4842] No board parts matched 'get_board_parts *vek280_es:part0* -latest_file_version'.
WARNING: [Vivado 12-4842] No board parts matched 'get_board_parts *vek280_es_revb:part0* -latest_file_version'.
WARNING: [Vivado 12-4842] No board parts matched 'get_board_parts *vhk158:part0* -latest_file_version'.
WARNING: [Vivado 12-4842] No board parts matched 'get_board_parts *vhk158_es:part0* -latest_file_version'.
WARNING: [Vivado 12-4842] No board parts matched 'get_board_parts *vmk180:part0* -latest_file_version'.
WARNING: [Vivado 12-4842] No board parts matched 'get_board_parts *vmk180_newl:part0* -latest_file_version'.
WARNING: [Vivado 12-4842] No board parts matched 'get_board_parts *vpk120:part0* -latest_file_version'.
WARNING: [Vivado 12-4842] No board parts matched 'get_board_parts *vpk120_es:part0* -latest_file_version'.
WARNING: [Vivado 12-4842] No board parts matched 'get_board_parts *vpk120_es_revb:part0* -latest_file_version'.
WARNING: [Vivado 12-4842] No board parts matched 'get_board_parts *vpk180:part0* -latest_file_version'.
WARNING: [Vivado 12-4842] No board parts matched 'get_board_parts *vpk180_es:part0* -latest_file_version'.
WARNING: [Vivado 12-4842] No board parts matched 'get_board_parts -filter {(BOARD_NAME =~"*kcu105*" && VENDOR_NAME=="xilinx.com" )} -latest_file_version'.
WARNING: [Vivado 12-4842] No board parts matched 'get_board_parts -filter {(BOARD_NAME =~"*kcu105*" && VENDOR_NAME=="xilinx.com" )} -latest_file_version'.
WARNING: [Vivado 12-4842] No board parts matched 'get_board_parts -filter {(NAME =~"*vck190:part0*" && VENDOR_NAME=="xilinx.com" ) || (NAME =~"*vmk180:part0*" && VENDOR_NAME=="xilinx.com" )} -latest_file_version'.
WARNING: [Vivado 12-4842] No board parts matched 'get_board_parts -filter {(NAME =~"*vck190:part0*" && VENDOR_NAME=="xilinx.com" ) || (NAME =~"*vmk180:part0*" && VENDOR_NAME=="xilinx.com" )} -latest_file_version'.
WARNING: [Vivado 12-4842] No board parts matched 'get_board_parts -filter {(BOARD_NAME =~"*vck190*" && VENDOR_NAME=="xilinx.com" )} -latest_file_version'.
WARNING: [Vivado 12-4842] No board parts matched 'get_board_parts -filter {(BOARD_NAME =~"*vck190*" && VENDOR_NAME=="xilinx.com" )} -latest_file_version'.
WARNING: [Vivado 12-4842] No board parts matched 'get_board_parts *vck190:part0* -latest_file_version'.
WARNING: [Vivado 12-4842] No board parts matched 'get_board_parts *vck190_newl:part0* -latest_file_version'.
WARNING: [Vivado 12-4842] No board parts matched 'get_board_parts *vek280_es:part0* -latest_file_version'.
WARNING: [Vivado 12-4842] No board parts matched 'get_board_parts *vek280_es_revb:part0* -latest_file_version'.
WARNING: [Vivado 12-4842] No board parts matched 'get_board_parts *vhk158:part0* -latest_file_version'.
WARNING: [Vivado 12-4842] No board parts matched 'get_board_parts *vhk158_es:part0* -latest_file_version'.
WARNING: [Vivado 12-4842] No board parts matched 'get_board_parts *vmk180:part0* -latest_file_version'.
WARNING: [Vivado 12-4842] No board parts matched 'get_board_parts *vmk180_newl:part0* -latest_file_version'.
WARNING: [Vivado 12-4842] No board parts matched 'get_board_parts *vpk120:part0* -latest_file_version'.
WARNING: [Vivado 12-4842] No board parts matched 'get_board_parts *vpk120_es:part0* -latest_file_version'.
WARNING: [Vivado 12-4842] No board parts matched 'get_board_parts *vpk120_es_revb:part0* -latest_file_version'.
WARNING: [Vivado 12-4842] No board parts matched 'get_board_parts *vpk180:part0* -latest_file_version'.
WARNING: [Vivado 12-4842] No board parts matched 'get_board_parts *vpk180_es:part0* -latest_file_version'.
WARNING: [Vivado 12-4842] No board parts matched 'get_board_parts *vck190:part0* -latest_file_version'.
WARNING: [Vivado 12-4842] No board parts matched 'get_board_parts *vck190_newl:part0* -latest_file_version'.
WARNING: [Vivado 12-4842] No board parts matched 'get_board_parts *vek280_es:part0* -latest_file_version'.
WARNING: [Vivado 12-4842] No board parts matched 'get_board_parts *vek280_es_revb:part0* -latest_file_version'.
WARNING: [Vivado 12-4842] No board parts matched 'get_board_parts *vhk158:part0* -latest_file_version'.
WARNING: [Vivado 12-4842] No board parts matched 'get_board_parts *vhk158_es:part0* -latest_file_version'.
WARNING: [Vivado 12-4842] No board parts matched 'get_board_parts *vmk180:part0* -latest_file_version'.
WARNING: [Vivado 12-4842] No board parts matched 'get_board_parts *vmk180_newl:part0* -latest_file_version'.
WARNING: [Vivado 12-4842] No board parts matched 'get_board_parts *vpk120:part0* -latest_file_version'.
WARNING: [Vivado 12-4842] No board parts matched 'get_board_parts *vpk120_es:part0* -latest_file_version'.
WARNING: [Vivado 12-4842] No board parts matched 'get_board_parts *vpk120_es_revb:part0* -latest_file_version'.
WARNING: [Vivado 12-4842] No board parts matched 'get_board_parts *vpk180:part0* -latest_file_version'.
WARNING: [Vivado 12-4842] No board parts matched 'get_board_parts *vpk180_es:part0* -latest_file_version'.
WARNING: [Vivado 12-4842] No board parts matched 'get_board_parts *vck190:* -latest_file_version'.
ERROR: [Common 17-161] Invalid option value '' specified for 'of_objects'.
WARNING: [Vivado 12-4842] No board parts matched 'get_board_parts *vck190:* -latest_file_version'.
ERROR: [Common 17-161] Invalid option value '' specified for 'of_objects'.
WARNING: [Vivado 12-4842] No board parts matched 'get_board_parts *vck190:part0* -latest_file_version'.
WARNING: [Vivado 12-4842] No board parts matched 'get_board_parts *vck190_newl:part0* -latest_file_version'.
WARNING: [Vivado 12-4842] No board parts matched 'get_board_parts *vek280_es:part0* -latest_file_version'.
WARNING: [Vivado 12-4842] No board parts matched 'get_board_parts *vek280_es_revb:part0* -latest_file_version'.
WARNING: [Vivado 12-4842] No board parts matched 'get_board_parts *vhk158:part0* -latest_file_version'.
WARNING: [Vivado 12-4842] No board parts matched 'get_board_parts *vhk158_es:part0* -latest_file_version'.
WARNING: [Vivado 12-4842] No board parts matched 'get_board_parts *vmk180:part0* -latest_file_version'.
WARNING: [Vivado 12-4842] No board parts matched 'get_board_parts *vmk180_newl:part0* -latest_file_version'.
WARNING: [Vivado 12-4842] No board parts matched 'get_board_parts *vpk120:part0* -latest_file_version'.
WARNING: [Vivado 12-4842] No board parts matched 'get_board_parts *vpk120_es:part0* -latest_file_version'.
WARNING: [Vivado 12-4842] No board parts matched 'get_board_parts *vpk120_es_revb:part0* -latest_file_version'.
WARNING: [Vivado 12-4842] No board parts matched 'get_board_parts *vpk180:part0* -latest_file_version'.
WARNING: [Vivado 12-4842] No board parts matched 'get_board_parts *vpk180_es:part0* -latest_file_version'.
WARNING: [Vivado 12-4842] No board parts matched 'get_board_parts *vck190:part0* -latest_file_version'.
WARNING: [Vivado 12-4842] No board parts matched 'get_board_parts *vck190_newl:part0* -latest_file_version'.
WARNING: [Vivado 12-4842] No board parts matched 'get_board_parts *vek280_es:part0* -latest_file_version'.
WARNING: [Vivado 12-4842] No board parts matched 'get_board_parts *vek280_es_revb:part0* -latest_file_version'.
WARNING: [Vivado 12-4842] No board parts matched 'get_board_parts *vhk158:part0* -latest_file_version'.
WARNING: [Vivado 12-4842] No board parts matched 'get_board_parts *vhk158_es:part0* -latest_file_version'.
WARNING: [Vivado 12-4842] No board parts matched 'get_board_parts *vmk180:part0* -latest_file_version'.
WARNING: [Vivado 12-4842] No board parts matched 'get_board_parts *vmk180_newl:part0* -latest_file_version'.
WARNING: [Vivado 12-4842] No board parts matched 'get_board_parts *vpk120:part0* -latest_file_version'.
WARNING: [Vivado 12-4842] No board parts matched 'get_board_parts *vpk120_es:part0* -latest_file_version'.
WARNING: [Vivado 12-4842] No board parts matched 'get_board_parts *vpk120_es_revb:part0* -latest_file_version'.
WARNING: [Vivado 12-4842] No board parts matched 'get_board_parts *vpk180:part0* -latest_file_version'.
WARNING: [Vivado 12-4842] No board parts matched 'get_board_parts *vpk180_es:part0* -latest_file_version'.
WARNING: [Vivado 12-4842] No board parts matched 'get_board_parts *vck190:part0* -latest_file_version'.
WARNING: [Vivado 12-4842] No board parts matched 'get_board_parts *vck190_newl:part0* -latest_file_version'.
WARNING: [Vivado 12-4842] No board parts matched 'get_board_parts *vek280_es:part0* -latest_file_version'.
WARNING: [Vivado 12-4842] No board parts matched 'get_board_parts *vek280_es_revb:part0* -latest_file_version'.
INFO: [Common 17-14] Message 'Vivado 12-4842' appears 100 times and further instances of the messages will be disabled. Use the Tcl command set_msg_config to change the current settings.
WARNING: [Coretcl 2-179] No part matched the expression you provided ("xcvp1202-vsva2785-2MHP-e-S").
WARNING: [Coretcl 2-179] No part matched the expression you provided ("xcvp1202-vsva2785-2MHP-e-S").
create_project cpu /home/vs/funtion/verilog/tp/cpu -part xc7k70tfbg676-2
INFO: [IP_Flow 19-234] Refreshing IP repositories
INFO: [IP_Flow 19-1704] No user IP repositories specified
INFO: [IP_Flow 19-2313] Loaded Vivado IP repository '/tools/Xilinx/Vivado/2023.1/data/ip'.
instantiate_example_design -template xilinx.com:design:cpu_netlist:1.0
INFO: [Vivado 12-3498] Setting project source management mode (property SOURCE_MGMT_MODE) to "None".
INFO: [Vivado 12-3458] The update_compile_order command is not intended for use in the GUI, where compile order updates occur based on project changes and the hierarchy update settings. No update performed.
INFO: [Vivado 12-3458] The update_compile_order command is not intended for use in the GUI, where compile order updates occur based on project changes and the hierarchy update settings. No update performed.
launch_runs impl_1 -jobs 4
[Tue Aug 15 14:28:50 2023] Launched impl_1...
Run output will be captured here: /home/vs/funtion/verilog/tp/cpu/cpu.runs/impl_1/runme.log
launch_simulation -mode post-synthesis -type functional
Command: launch_simulation  -mode post-synthesis -type functional
INFO: [Vivado 12-12493] Simulation top is 'test'
INFO: [Vivado 12-5682] Launching post-synthesis functional simulation in '/home/vs/funtion/verilog/tp/cpu/cpu.sim/sim_1/synth/func/xsim'
INFO: [SIM-utils-51] Simulation object is 'sim_1'
INFO: [SIM-utils-72] Using boost library from '/tools/Xilinx/Vivado/2023.1/tps/boost_1_72_0'
Command: link_design -name netlist_1
Design is defaulting to srcset: sources_1
Design is defaulting to constrset: constrs_2
Design is defaulting to project part: xc7k70tfbg676-2
INFO: [Device 21-403] Loading part xc7k70tfbg676-2
Parsing EDIF File [/home/vs/funtion/verilog/tp/cpu/cpu.srcs/sources_1/imports/Sources/top.edif]
Finished Parsing EDIF File [/home/vs/funtion/verilog/tp/cpu/cpu.srcs/sources_1/imports/Sources/top.edif]
Netlist sorting complete. Time (s): cpu = 00:00:00.56 ; elapsed = 00:00:00.5 . Memory (MB): peak = 8267.312 ; gain = 0.000 ; free physical = 124 ; free virtual = 5884
INFO: [Netlist 29-17] Analyzing 1860 Unisim elements for replacement
INFO: [Netlist 29-28] Unisim Transformation completed in 0 CPU seconds
INFO: [Project 1-479] Netlist was created with Vivado 2013.2.0
INFO: [Project 1-570] Preparing netlist for logic optimization
Parsing XDC File [/home/vs/funtion/verilog/tp/cpu/cpu.srcs/constrs_2/imports/kintex7/top_full.xdc]
Finished Parsing XDC File [/home/vs/funtion/verilog/tp/cpu/cpu.srcs/constrs_2/imports/kintex7/top_full.xdc]
INFO: [Opt 31-138] Pushed 0 inverter(s) to 0 load pin(s).
Netlist sorting complete. Time (s): cpu = 00:00:00 ; elapsed = 00:00:00.01 . Memory (MB): peak = 8475.605 ; gain = 0.000 ; free physical = 125 ; free virtual = 5454
INFO: [Project 1-111] Unisim Transformation Summary:
No Unisim elements were transformed.

11 Infos, 0 Warnings, 0 Critical Warnings and 0 Errors encountered.
link_design completed successfully
link_design: Time (s): cpu = 00:00:29 ; elapsed = 00:00:20 . Memory (MB): peak = 8624.965 ; gain = 713.691 ; free physical = 127 ; free virtual = 5345
INFO: [SIM-utils-24] Writing simulation netlist file for design 'netlist_1'...
INFO: [SIM-utils-25] write_verilog -mode funcsim -nolib -force -file "/home/vs/funtion/verilog/tp/cpu/cpu.sim/sim_1/synth/func/xsim/test_func_synth.v"
INFO: [SIM-utils-36] Netlist generated:/home/vs/funtion/verilog/tp/cpu/cpu.sim/sim_1/synth/func/xsim/test_func_synth.v
INFO: [SIM-utils-54] Inspecting design source files for 'test' in fileset 'sim_1'...
INFO: [USF-XSim-2] XSim::Compile design
INFO: [USF-XSim-61] Executing 'COMPILE and ANALYZE' step in '/home/vs/funtion/verilog/tp/cpu/cpu.sim/sim_1/synth/func/xsim'
xvlog --incr --relax -prj test_vlog.prj
INFO: [VRFC 10-2263] Analyzing Verilog file "/home/vs/funtion/verilog/tp/cpu/cpu.sim/sim_1/synth/func/xsim/test_func_synth.v" into library xil_defaultlib
INFO: [VRFC 10-311] analyzing module FIFO_DUALCLOCK_MACRO_viv_
INFO: [VRFC 10-311] analyzing module FifoBuffer
INFO: [VRFC 10-311] analyzing module FifoBuffer_1
INFO: [VRFC 10-311] analyzing module FifoBuffer_105
INFO: [VRFC 10-311] analyzing module FifoBuffer_106
INFO: [VRFC 10-311] analyzing module FifoBuffer_107
INFO: [VRFC 10-311] analyzing module FifoBuffer_108
INFO: [VRFC 10-311] analyzing module FifoBuffer_109
INFO: [VRFC 10-311] analyzing module FifoBuffer_110
INFO: [VRFC 10-311] analyzing module FifoBuffer_111
INFO: [VRFC 10-311] analyzing module FifoBuffer_112
INFO: [VRFC 10-311] analyzing module FifoBuffer_113
INFO: [VRFC 10-311] analyzing module FifoBuffer_114
INFO: [VRFC 10-311] analyzing module FifoBuffer_115
INFO: [VRFC 10-311] analyzing module FifoBuffer_116
INFO: [VRFC 10-311] analyzing module FifoBuffer_117
INFO: [VRFC 10-311] analyzing module FifoBuffer_118
INFO: [VRFC 10-311] analyzing module FifoBuffer_119
INFO: [VRFC 10-311] analyzing module FifoBuffer_120
INFO: [VRFC 10-311] analyzing module FifoBuffer_2
INFO: [VRFC 10-311] analyzing module FifoBuffer_23
INFO: [VRFC 10-311] analyzing module FifoBuffer_25
INFO: [VRFC 10-311] analyzing module FifoBuffer_26
INFO: [VRFC 10-311] analyzing module FifoBuffer_28
INFO: [VRFC 10-311] analyzing module FifoBuffer_3
INFO: [VRFC 10-311] analyzing module FifoBuffer_84
INFO: [VRFC 10-311] analyzing module FifoBuffer_85
INFO: [VRFC 10-311] analyzing module FifoBuffer_86
INFO: [VRFC 10-311] analyzing module FifoBuffer_87
INFO: [VRFC 10-311] analyzing module FifoBuffer_88
INFO: [VRFC 10-311] analyzing module FifoBuffer_89
INFO: [VRFC 10-311] analyzing module FifoBuffer_90
INFO: [VRFC 10-311] analyzing module ROCKETIO_WRAPPER_TILE
INFO: [VRFC 10-311] analyzing module ROCKETIO_WRAPPER_TILE_GT
INFO: [VRFC 10-311] analyzing module ROCKETIO_WRAPPER_TILE_GT_175
INFO: [VRFC 10-311] analyzing module ROCKETIO_WRAPPER_TILE_GT_176
INFO: [VRFC 10-311] analyzing module ROCKETIO_WRAPPER_TILE_GT_177
INFO: [VRFC 10-311] analyzing module ROCKETIO_WRAPPER_TILE_GT_178
INFO: [VRFC 10-311] analyzing module ROCKETIO_WRAPPER_TILE_GT_179
INFO: [VRFC 10-311] analyzing module ROCKETIO_WRAPPER_TILE_GT_180
INFO: [VRFC 10-311] analyzing module ROCKETIO_WRAPPER_TILE_GT_181
INFO: [VRFC 10-311] analyzing module ROCKETIO_WRAPPER_TILE_GT_FRAME_CHECK
INFO: [VRFC 10-311] analyzing module ROCKETIO_WRAPPER_TILE_GT_FRAME_CHECK_168
INFO: [VRFC 10-311] analyzing module ROCKETIO_WRAPPER_TILE_GT_FRAME_CHECK_169
INFO: [VRFC 10-311] analyzing module ROCKETIO_WRAPPER_TILE_GT_FRAME_CHECK_170
INFO: [VRFC 10-311] analyzing module ROCKETIO_WRAPPER_TILE_GT_FRAME_CHECK_171
INFO: [VRFC 10-311] analyzing module ROCKETIO_WRAPPER_TILE_GT_FRAME_CHECK_172
INFO: [VRFC 10-311] analyzing module ROCKETIO_WRAPPER_TILE_GT_FRAME_CHECK_173
INFO: [VRFC 10-311] analyzing module ROCKETIO_WRAPPER_TILE_GT_FRAME_CHECK_174
INFO: [VRFC 10-311] analyzing module ROCKETIO_WRAPPER_TILE_GT_USRCLK_SOURCE
INFO: [VRFC 10-311] analyzing module async_fifo
INFO: [VRFC 10-311] analyzing module async_fifo_100
INFO: [VRFC 10-311] analyzing module async_fifo_104
INFO: [VRFC 10-311] analyzing module async_fifo_121
INFO: [VRFC 10-311] analyzing module async_fifo_122
INFO: [VRFC 10-311] analyzing module async_fifo_123
INFO: [VRFC 10-311] analyzing module async_fifo_124
INFO: [VRFC 10-311] analyzing module async_fifo_125
INFO: [VRFC 10-311] analyzing module async_fifo_126
INFO: [VRFC 10-311] analyzing module async_fifo_127
INFO: [VRFC 10-311] analyzing module async_fifo_128
INFO: [VRFC 10-311] analyzing module async_fifo_129
INFO: [VRFC 10-311] analyzing module async_fifo_130
INFO: [VRFC 10-311] analyzing module async_fifo_131
INFO: [VRFC 10-311] analyzing module async_fifo_132
INFO: [VRFC 10-311] analyzing module async_fifo_133
INFO: [VRFC 10-311] analyzing module async_fifo_149
INFO: [VRFC 10-311] analyzing module async_fifo_158
INFO: [VRFC 10-311] analyzing module async_fifo_167
INFO: [VRFC 10-311] analyzing module async_fifo_35
INFO: [VRFC 10-311] analyzing module async_fifo_37
INFO: [VRFC 10-311] analyzing module async_fifo_38
INFO: [VRFC 10-311] analyzing module async_fifo_39
INFO: [VRFC 10-311] analyzing module async_fifo_4
INFO: [VRFC 10-311] analyzing module async_fifo_5
INFO: [VRFC 10-311] analyzing module async_fifo_6
INFO: [VRFC 10-311] analyzing module async_fifo_91
INFO: [VRFC 10-311] analyzing module async_fifo_95
INFO: [VRFC 10-311] analyzing module async_fifo_96
INFO: [VRFC 10-311] analyzing module async_fifo_97
INFO: [VRFC 10-311] analyzing module async_fifo_98
INFO: [VRFC 10-311] analyzing module async_fifo__parameterized0
INFO: [VRFC 10-311] analyzing module bft
INFO: [VRFC 10-311] analyzing module clock_generator
INFO: [VRFC 10-311] analyzing module coreTransform
INFO: [VRFC 10-311] analyzing module coreTransform_134
INFO: [VRFC 10-311] analyzing module coreTransform_135
INFO: [VRFC 10-311] analyzing module coreTransform_136
INFO: [VRFC 10-311] analyzing module coreTransform_137
INFO: [VRFC 10-311] analyzing module coreTransform_138
INFO: [VRFC 10-311] analyzing module coreTransform_139
INFO: [VRFC 10-311] analyzing module coreTransform_140
INFO: [VRFC 10-311] analyzing module coreTransform_141
INFO: [VRFC 10-311] analyzing module coreTransform_142
INFO: [VRFC 10-311] analyzing module coreTransform_143
INFO: [VRFC 10-311] analyzing module coreTransform_144
INFO: [VRFC 10-311] analyzing module coreTransform_145
INFO: [VRFC 10-311] analyzing module coreTransform_146
INFO: [VRFC 10-311] analyzing module coreTransform_147
INFO: [VRFC 10-311] analyzing module coreTransform_148
INFO: [VRFC 10-311] analyzing module coreTransform_150
INFO: [VRFC 10-311] analyzing module coreTransform_151
INFO: [VRFC 10-311] analyzing module coreTransform_152
INFO: [VRFC 10-311] analyzing module coreTransform_153
INFO: [VRFC 10-311] analyzing module coreTransform_154
INFO: [VRFC 10-311] analyzing module coreTransform_155
INFO: [VRFC 10-311] analyzing module coreTransform_156
INFO: [VRFC 10-311] analyzing module coreTransform_157
INFO: [VRFC 10-311] analyzing module coreTransform_159
INFO: [VRFC 10-311] analyzing module coreTransform_160
INFO: [VRFC 10-311] analyzing module coreTransform_161
INFO: [VRFC 10-311] analyzing module coreTransform_162
INFO: [VRFC 10-311] analyzing module coreTransform_163
INFO: [VRFC 10-311] analyzing module coreTransform_164
INFO: [VRFC 10-311] analyzing module coreTransform_165
INFO: [VRFC 10-311] analyzing module coreTransform_166
INFO: [VRFC 10-311] analyzing module fftTop
INFO: [VRFC 10-311] analyzing module mgtTop
INFO: [VRFC 10-311] analyzing module or1200_alu
INFO: [VRFC 10-311] analyzing module or1200_cpu
INFO: [VRFC 10-311] analyzing module or1200_ctrl
INFO: [VRFC 10-311] analyzing module or1200_dc_fsm
INFO: [VRFC 10-311] analyzing module or1200_dc_ram
INFO: [VRFC 10-311] analyzing module or1200_dc_tag
INFO: [VRFC 10-311] analyzing module or1200_dc_top
INFO: [VRFC 10-311] analyzing module or1200_dmmu_tlb
INFO: [VRFC 10-311] analyzing module or1200_dmmu_top
INFO: [VRFC 10-311] analyzing module or1200_dpram_256x32
INFO: [VRFC 10-311] analyzing module or1200_dpram_256x32_92
INFO: [VRFC 10-311] analyzing module or1200_dpram_256x32_93
INFO: [VRFC 10-311] analyzing module or1200_dpram_256x32_94
INFO: [VRFC 10-311] analyzing module or1200_du
INFO: [VRFC 10-311] analyzing module or1200_except
INFO: [VRFC 10-311] analyzing module or1200_freeze
INFO: [VRFC 10-311] analyzing module or1200_genpc
INFO: [VRFC 10-311] analyzing module or1200_gmultp2_32x32
INFO: [VRFC 10-311] analyzing module or1200_ic_fsm
INFO: [VRFC 10-311] analyzing module or1200_ic_ram
INFO: [VRFC 10-311] analyzing module or1200_ic_tag
INFO: [VRFC 10-311] analyzing module or1200_ic_top
INFO: [VRFC 10-311] analyzing module or1200_if
INFO: [VRFC 10-311] analyzing module or1200_immu_tlb
INFO: [VRFC 10-311] analyzing module or1200_immu_top
INFO: [VRFC 10-311] analyzing module or1200_iwb_biu
INFO: [VRFC 10-311] analyzing module or1200_lsu
INFO: [VRFC 10-311] analyzing module or1200_mem2reg
INFO: [VRFC 10-311] analyzing module or1200_mult_mac
INFO: [VRFC 10-311] analyzing module or1200_operandmuxes
INFO: [VRFC 10-311] analyzing module or1200_pic
INFO: [VRFC 10-311] analyzing module or1200_pm
INFO: [VRFC 10-311] analyzing module or1200_qmem_top
INFO: [VRFC 10-311] analyzing module or1200_rf
INFO: [VRFC 10-311] analyzing module or1200_rfram_generic
INFO: [VRFC 10-311] analyzing module or1200_sb
INFO: [VRFC 10-311] analyzing module or1200_sb_fifo
INFO: [VRFC 10-311] analyzing module or1200_spram_2048x32_bw
INFO: [VRFC 10-311] analyzing module or1200_spram_2048x32_bw_102
INFO: [VRFC 10-311] analyzing module or1200_spram_2048x32_bw_99
INFO: [VRFC 10-311] analyzing module or1200_spram_512x20
INFO: [VRFC 10-311] analyzing module or1200_spram_512x20_103
INFO: [VRFC 10-311] analyzing module or1200_spram_64x14
INFO: [VRFC 10-311] analyzing module or1200_spram_64x14_101
INFO: [VRFC 10-311] analyzing module or1200_spram_64x22
INFO: [VRFC 10-311] analyzing module or1200_spram_64x24
INFO: [VRFC 10-311] analyzing module or1200_sprs
INFO: [VRFC 10-311] analyzing module or1200_top
INFO: [VRFC 10-311] analyzing module or1200_tt
INFO: [VRFC 10-311] analyzing module or1200_wb_biu
INFO: [VRFC 10-311] analyzing module or1200_wbmux
INFO: [VRFC 10-311] analyzing module round_1
INFO: [VRFC 10-311] analyzing module round_2
INFO: [VRFC 10-311] analyzing module round_3
INFO: [VRFC 10-311] analyzing module round_4
INFO: [VRFC 10-311] analyzing module rtlRam
INFO: [VRFC 10-311] analyzing module rtlRam_31
INFO: [VRFC 10-311] analyzing module top
INFO: [VRFC 10-311] analyzing module usbf_ep_rf
INFO: [VRFC 10-311] analyzing module usbf_ep_rf_10
INFO: [VRFC 10-311] analyzing module usbf_ep_rf_11
INFO: [VRFC 10-311] analyzing module usbf_ep_rf_12
INFO: [VRFC 10-311] analyzing module usbf_ep_rf_13
INFO: [VRFC 10-311] analyzing module usbf_ep_rf_14
INFO: [VRFC 10-311] analyzing module usbf_ep_rf_15
INFO: [VRFC 10-311] analyzing module usbf_ep_rf_16
INFO: [VRFC 10-311] analyzing module usbf_ep_rf_17
INFO: [VRFC 10-311] analyzing module usbf_ep_rf_18
INFO: [VRFC 10-311] analyzing module usbf_ep_rf_19
INFO: [VRFC 10-311] analyzing module usbf_ep_rf_20
INFO: [VRFC 10-311] analyzing module usbf_ep_rf_21
INFO: [VRFC 10-311] analyzing module usbf_ep_rf_40
INFO: [VRFC 10-311] analyzing module usbf_ep_rf_41
INFO: [VRFC 10-311] analyzing module usbf_ep_rf_42
INFO: [VRFC 10-311] analyzing module usbf_ep_rf_43
INFO: [VRFC 10-311] analyzing module usbf_ep_rf_44
INFO: [VRFC 10-311] analyzing module usbf_ep_rf_45
INFO: [VRFC 10-311] analyzing module usbf_ep_rf_46
INFO: [VRFC 10-311] analyzing module usbf_ep_rf_47
INFO: [VRFC 10-311] analyzing module usbf_ep_rf_48
INFO: [VRFC 10-311] analyzing module usbf_ep_rf_49
INFO: [VRFC 10-311] analyzing module usbf_ep_rf_50
INFO: [VRFC 10-311] analyzing module usbf_ep_rf_51
INFO: [VRFC 10-311] analyzing module usbf_ep_rf_52
INFO: [VRFC 10-311] analyzing module usbf_ep_rf_53
INFO: [VRFC 10-311] analyzing module usbf_ep_rf_54
INFO: [VRFC 10-311] analyzing module usbf_ep_rf_55
INFO: [VRFC 10-311] analyzing module usbf_ep_rf_7
INFO: [VRFC 10-311] analyzing module usbf_ep_rf_8
INFO: [VRFC 10-311] analyzing module usbf_ep_rf_9
INFO: [VRFC 10-311] analyzing module usbf_idma
INFO: [VRFC 10-311] analyzing module usbf_idma_33
INFO: [VRFC 10-311] analyzing module usbf_mem_arb
INFO: [VRFC 10-311] analyzing module usbf_mem_arb_30
INFO: [VRFC 10-311] analyzing module usbf_pd
INFO: [VRFC 10-311] analyzing module usbf_pd_32
INFO: [VRFC 10-311] analyzing module usbf_pe
INFO: [VRFC 10-311] analyzing module usbf_pe_34
INFO: [VRFC 10-311] analyzing module usbf_pl
INFO: [VRFC 10-311] analyzing module usbf_pl_29
INFO: [VRFC 10-311] analyzing module usbf_rf
INFO: [VRFC 10-311] analyzing module usbf_rf_22
INFO: [VRFC 10-311] analyzing module usbf_top
INFO: [VRFC 10-311] analyzing module usbf_top_0
INFO: [VRFC 10-311] analyzing module usbf_utmi_if
INFO: [VRFC 10-311] analyzing module usbf_utmi_if_27
INFO: [VRFC 10-311] analyzing module usbf_utmi_ls
INFO: [VRFC 10-311] analyzing module usbf_utmi_ls_36
INFO: [VRFC 10-311] analyzing module usbf_wb
INFO: [VRFC 10-311] analyzing module usbf_wb_24
INFO: [VRFC 10-311] analyzing module wb_conmax_arb
INFO: [VRFC 10-311] analyzing module wb_conmax_arb_61
INFO: [VRFC 10-311] analyzing module wb_conmax_arb_62
INFO: [VRFC 10-311] analyzing module wb_conmax_arb_63
INFO: [VRFC 10-311] analyzing module wb_conmax_arb_65
INFO: [VRFC 10-311] analyzing module wb_conmax_arb_66
INFO: [VRFC 10-311] analyzing module wb_conmax_arb_67
INFO: [VRFC 10-311] analyzing module wb_conmax_arb_68
INFO: [VRFC 10-311] analyzing module wb_conmax_arb_70
INFO: [VRFC 10-311] analyzing module wb_conmax_arb_71
INFO: [VRFC 10-311] analyzing module wb_conmax_arb_72
INFO: [VRFC 10-311] analyzing module wb_conmax_arb_73
INFO: [VRFC 10-311] analyzing module wb_conmax_arb_74
INFO: [VRFC 10-311] analyzing module wb_conmax_arb_75
INFO: [VRFC 10-311] analyzing module wb_conmax_arb_77
INFO: [VRFC 10-311] analyzing module wb_conmax_arb_78
INFO: [VRFC 10-311] analyzing module wb_conmax_arb_80
INFO: [VRFC 10-311] analyzing module wb_conmax_arb_81
INFO: [VRFC 10-311] analyzing module wb_conmax_arb_82
INFO: [VRFC 10-311] analyzing module wb_conmax_arb_83
INFO: [VRFC 10-311] analyzing module wb_conmax_master_if
INFO: [VRFC 10-311] analyzing module wb_conmax_master_if_56
INFO: [VRFC 10-311] analyzing module wb_conmax_msel
INFO: [VRFC 10-311] analyzing module wb_conmax_msel_76
INFO: [VRFC 10-311] analyzing module wb_conmax_msel__parameterized0
INFO: [VRFC 10-311] analyzing module wb_conmax_msel__parameterized0_64
INFO: [VRFC 10-311] analyzing module wb_conmax_msel__parameterized0_69
INFO: [VRFC 10-311] analyzing module wb_conmax_msel__parameterized0_79
INFO: [VRFC 10-311] analyzing module wb_conmax_rf
INFO: [VRFC 10-311] analyzing module wb_conmax_slave_if
INFO: [VRFC 10-311] analyzing module wb_conmax_slave_if_57
INFO: [VRFC 10-311] analyzing module wb_conmax_slave_if__parameterized0
INFO: [VRFC 10-311] analyzing module wb_conmax_slave_if__parameterized0_58
INFO: [VRFC 10-311] analyzing module wb_conmax_slave_if__parameterized0_59
INFO: [VRFC 10-311] analyzing module wb_conmax_slave_if__parameterized0_60
INFO: [VRFC 10-311] analyzing module wb_conmax_top
INFO: [VRFC 10-311] analyzing module glbl
INFO: [VRFC 10-2263] Analyzing Verilog file "/home/vs/funtion/verilog/tp/cpu/cpu.srcs/sim_1/imports/tb/cpu_tb.v" into library xil_defaultlib
INFO: [VRFC 10-311] analyzing module test
Waiting for jobs to finish...
No pending jobs, compilation finished.
execute_script: Time (s): cpu = 00:00:12 ; elapsed = 00:00:06 . Memory (MB): peak = 8668.324 ; gain = 16.379 ; free physical = 272 ; free virtual = 5252
INFO: [USF-XSim-69] 'compile' step finished in '7' seconds
INFO: [USF-XSim-3] XSim::Elaborate design
INFO: [USF-XSim-61] Executing 'ELABORATE' step in '/home/vs/funtion/verilog/tp/cpu/cpu.sim/sim_1/synth/func/xsim'
xelab --incr --debug typical --relax --mt 8 -L xil_defaultlib -L unisims_ver -L secureip --snapshot test_func_synth xil_defaultlib.test xil_defaultlib.glbl -log elaborate.log
Vivado Simulator v2023.1
Copyright 1986-2022 Xilinx, Inc. All Rights Reserved.
Copyright 2022-2023 Advanced Micro Devices, Inc. All Rights Reserved.
Running: /tools/Xilinx/Vivado/2023.1/bin/unwrapped/lnx64.o/xelab --incr --debug typical --relax --mt 8 -L xil_defaultlib -L unisims_ver -L secureip --snapshot test_func_synth xil_defaultlib.test xil_defaultlib.glbl -log elaborate.log 
Using 8 slave threads.
Starting static elaboration
Pass Through NonSizing Optimizer
Completed static elaboration
Starting simulation data flow analysis
Completed simulation data flow analysis
