
*** Running vivado
    with args -log Vio_wrapper.vds -m64 -product Vivado -mode batch -messageDb vivado.pb -notrace -source Vio_wrapper.tcl


****** Vivado v2019.1 (64-bit)
  **** SW Build 2552052 on Fri May 24 14:47:09 MDT 2019
  **** IP Build 2548770 on Fri May 24 18:01:18 MDT 2019
    ** Copyright 1986-2019 Xilinx, Inc. All Rights Reserved.

source Vio_wrapper.tcl -notrace
Command: synth_design -top Vio_wrapper -part xc7z020clg484-1
Starting synth_design
Attempting to get a license for feature 'Synthesis' and/or device 'xc7z020'
INFO: [Common 17-349] Got license for feature 'Synthesis' and/or device 'xc7z020'
INFO: [Device 21-403] Loading part xc7z020clg484-1
INFO: Launching helper process for spawning children vivado processes
INFO: Helper process launched with PID 33442 
---------------------------------------------------------------------------------
Starting RTL Elaboration : Time (s): cpu = 00:00:03 ; elapsed = 00:00:04 . Memory (MB): peak = 1887.164 ; gain = 152.688 ; free physical = 330 ; free virtual = 5523
---------------------------------------------------------------------------------
INFO: [Synth 8-6157] synthesizing module 'Vio_wrapper' [/home/vs/funtion/verilog/ELD_LAB/HW3_downcounter/HW3_downcounter.srcs/sources_1/new/vio_wrapper.v:2]
INFO: [Synth 8-6157] synthesizing module 'vio_0' [/home/vs/funtion/verilog/ELD_LAB/HW3_downcounter/HW3_downcounter.runs/synth_1/.Xil/Vivado-33299-buntu/realtime/vio_0_stub.v:6]
INFO: [Synth 8-6155] done synthesizing module 'vio_0' (1#1) [/home/vs/funtion/verilog/ELD_LAB/HW3_downcounter/HW3_downcounter.runs/synth_1/.Xil/Vivado-33299-buntu/realtime/vio_0_stub.v:6]
INFO: [Synth 8-6157] synthesizing module 'top_counter' [/home/vs/funtion/verilog/ELD_LAB/HW3_downcounter/HW3_downcounter.srcs/sources_1/new/top_counter.v:3]
INFO: [Synth 8-6157] synthesizing module 'clk_div_cmt' [/home/vs/funtion/verilog/ELD_LAB/HW3_downcounter/HW3_downcounter.runs/synth_1/.Xil/Vivado-33299-buntu/realtime/clk_div_cmt_stub.v:5]
INFO: [Synth 8-6155] done synthesizing module 'clk_div_cmt' (2#1) [/home/vs/funtion/verilog/ELD_LAB/HW3_downcounter/HW3_downcounter.runs/synth_1/.Xil/Vivado-33299-buntu/realtime/clk_div_cmt_stub.v:5]
INFO: [Synth 8-6157] synthesizing module 'clk_div_rtl' [/home/vs/funtion/verilog/ELD_LAB/HW3_downcounter/HW3_downcounter.srcs/sources_1/new/clk_div_rtl.v:3]
WARNING: [Synth 8-3848] Net count_next in module/entity clk_div_rtl does not have driver. [/home/vs/funtion/verilog/ELD_LAB/HW3_downcounter/HW3_downcounter.srcs/sources_1/new/clk_div_rtl.v:8]
INFO: [Synth 8-6155] done synthesizing module 'clk_div_rtl' (3#1) [/home/vs/funtion/verilog/ELD_LAB/HW3_downcounter/HW3_downcounter.srcs/sources_1/new/clk_div_rtl.v:3]
INFO: [Synth 8-6157] synthesizing module 'counter_8bit' [/home/vs/funtion/verilog/ELD_LAB/HW3_downcounter/HW3_downcounter.srcs/sources_1/new/counter_8bit.v:4]
WARNING: [Synth 8-3848] Net count_next in module/entity counter_8bit does not have driver. [/home/vs/funtion/verilog/ELD_LAB/HW3_downcounter/HW3_downcounter.srcs/sources_1/new/counter_8bit.v:10]
INFO: [Synth 8-6155] done synthesizing module 'counter_8bit' (4#1) [/home/vs/funtion/verilog/ELD_LAB/HW3_downcounter/HW3_downcounter.srcs/sources_1/new/counter_8bit.v:4]
WARNING: [Synth 8-3848] Net clk_1hz in module/entity top_counter does not have driver. [/home/vs/funtion/verilog/ELD_LAB/HW3_downcounter/HW3_downcounter.srcs/sources_1/new/top_counter.v:10]
WARNING: [Synth 8-3848] Net clk_8MHz in module/entity top_counter does not have driver. [/home/vs/funtion/verilog/ELD_LAB/HW3_downcounter/HW3_downcounter.srcs/sources_1/new/top_counter.v:11]
INFO: [Synth 8-6155] done synthesizing module 'top_counter' (5#1) [/home/vs/funtion/verilog/ELD_LAB/HW3_downcounter/HW3_downcounter.srcs/sources_1/new/top_counter.v:3]
INFO: [Synth 8-6071] Mark debug on the nets applies keep_hierarchy on instance 'v1'. This will prevent further optimization [/home/vs/funtion/verilog/ELD_LAB/HW3_downcounter/HW3_downcounter.srcs/sources_1/new/vio_wrapper.v:7]
INFO: [Synth 8-6071] Mark debug on the nets applies keep_hierarchy on instance 'tc'. This will prevent further optimization [/home/vs/funtion/verilog/ELD_LAB/HW3_downcounter/HW3_downcounter.srcs/sources_1/new/vio_wrapper.v:13]
INFO: [Synth 8-6155] done synthesizing module 'Vio_wrapper' (6#1) [/home/vs/funtion/verilog/ELD_LAB/HW3_downcounter/HW3_downcounter.srcs/sources_1/new/vio_wrapper.v:2]
---------------------------------------------------------------------------------
Finished RTL Elaboration : Time (s): cpu = 00:00:04 ; elapsed = 00:00:06 . Memory (MB): peak = 1941.914 ; gain = 207.438 ; free physical = 448 ; free virtual = 5552
---------------------------------------------------------------------------------

Report Check Netlist: 
+------+------------------+-------+---------+-------+------------------+
|      |Item              |Errors |Warnings |Status |Description       |
+------+------------------+-------+---------+-------+------------------+
|1     |multi_driven_nets |      0|        0|Passed |Multi driven nets |
+------+------------------+-------+---------+-------+------------------+
---------------------------------------------------------------------------------
Start Handling Custom Attributes
---------------------------------------------------------------------------------
---------------------------------------------------------------------------------
Finished Handling Custom Attributes : Time (s): cpu = 00:00:04 ; elapsed = 00:00:06 . Memory (MB): peak = 1947.852 ; gain = 213.375 ; free physical = 443 ; free virtual = 5548
---------------------------------------------------------------------------------
---------------------------------------------------------------------------------
Finished RTL Optimization Phase 1 : Time (s): cpu = 00:00:04 ; elapsed = 00:00:06 . Memory (MB): peak = 1947.852 ; gain = 213.375 ; free physical = 443 ; free virtual = 5548
---------------------------------------------------------------------------------
INFO: [Project 1-570] Preparing netlist for logic optimization

Processing XDC Constraints
Initializing timing engine
Parsing XDC File [/home/vs/funtion/verilog/ELD_LAB/HW3_downcounter/HW3_downcounter.srcs/sources_1/ip/clk_div_cmt/clk_div_cmt/clk_div_cmt_in_context.xdc] for cell 'tc/instance_name'
Finished Parsing XDC File [/home/vs/funtion/verilog/ELD_LAB/HW3_downcounter/HW3_downcounter.srcs/sources_1/ip/clk_div_cmt/clk_div_cmt/clk_div_cmt_in_context.xdc] for cell 'tc/instance_name'
Parsing XDC File [/home/vs/funtion/verilog/ELD_LAB/HW3_downcounter/HW3_downcounter.srcs/sources_1/ip/vio_0/vio_0/vio_0_in_context.xdc] for cell 'v1'
Finished Parsing XDC File [/home/vs/funtion/verilog/ELD_LAB/HW3_downcounter/HW3_downcounter.srcs/sources_1/ip/vio_0/vio_0/vio_0_in_context.xdc] for cell 'v1'
Parsing XDC File [/home/vs/funtion/verilog/ELD_LAB/HW3_downcounter/HW3_downcounter.srcs/constrs_1/new/vio0.xdc]
Finished Parsing XDC File [/home/vs/funtion/verilog/ELD_LAB/HW3_downcounter/HW3_downcounter.srcs/constrs_1/new/vio0.xdc]
INFO: [Project 1-236] Implementation specific constraints were found while reading constraint file [/home/vs/funtion/verilog/ELD_LAB/HW3_downcounter/HW3_downcounter.srcs/constrs_1/new/vio0.xdc]. These constraints will be ignored for synthesis but will be used in implementation. Impacted constraints are listed in the file [.Xil/Vio_wrapper_propImpl.xdc].
Resolution: To avoid this warning, move constraints listed in [.Xil/Vio_wrapper_propImpl.xdc] to another XDC file and exclude this new file from synthesis with the used_in_synthesis property (File Properties dialog in GUI) and re-run elaboration/synthesis.
Completed Processing XDC Constraints

Netlist sorting complete. Time (s): cpu = 00:00:00 ; elapsed = 00:00:00 . Memory (MB): peak = 2096.508 ; gain = 0.000 ; free physical = 353 ; free virtual = 5466
INFO: [Project 1-111] Unisim Transformation Summary:
No Unisim elements were transformed.

Constraint Validation Runtime : Time (s): cpu = 00:00:00 ; elapsed = 00:00:00 . Memory (MB): peak = 2096.508 ; gain = 0.000 ; free physical = 353 ; free virtual = 5466
---------------------------------------------------------------------------------
Finished Constraint Validation : Time (s): cpu = 00:00:09 ; elapsed = 00:00:13 . Memory (MB): peak = 2096.508 ; gain = 362.031 ; free physical = 241 ; free virtual = 5530
---------------------------------------------------------------------------------
---------------------------------------------------------------------------------
Start Loading Part and Timing Information
---------------------------------------------------------------------------------
Loading part: xc7z020clg484-1
---------------------------------------------------------------------------------
Finished Loading Part and Timing Information : Time (s): cpu = 00:00:09 ; elapsed = 00:00:13 . Memory (MB): peak = 2096.508 ; gain = 362.031 ; free physical = 241 ; free virtual = 5530
---------------------------------------------------------------------------------
---------------------------------------------------------------------------------
Start Applying 'set_property' XDC Constraints
---------------------------------------------------------------------------------
Applied set_property IO_BUFFER_TYPE = NONE for Clk_100M. (constraint file  /home/vs/funtion/verilog/ELD_LAB/HW3_downcounter/HW3_downcounter.srcs/sources_1/ip/clk_div_cmt/clk_div_cmt/clk_div_cmt_in_context.xdc, line 3).
Applied set_property CLOCK_BUFFER_TYPE = NONE for Clk_100M. (constraint file  /home/vs/funtion/verilog/ELD_LAB/HW3_downcounter/HW3_downcounter.srcs/sources_1/ip/clk_div_cmt/clk_div_cmt/clk_div_cmt_in_context.xdc, line 4).
Applied set_property DONT_TOUCH = true for tc/instance_name. (constraint file  auto generated constraint, line ).
Applied set_property DONT_TOUCH = true for v1. (constraint file  auto generated constraint, line ).
---------------------------------------------------------------------------------
Finished applying 'set_property' XDC Constraints : Time (s): cpu = 00:00:09 ; elapsed = 00:00:13 . Memory (MB): peak = 2096.508 ; gain = 362.031 ; free physical = 244 ; free virtual = 5533
---------------------------------------------------------------------------------
---------------------------------------------------------------------------------
Finished RTL Optimization Phase 2 : Time (s): cpu = 00:00:10 ; elapsed = 00:00:13 . Memory (MB): peak = 2096.508 ; gain = 362.031 ; free physical = 211 ; free virtual = 5532
---------------------------------------------------------------------------------

Report RTL Partitions: 
+-+--------------+------------+----------+
| |RTL Partition |Replication |Instances |
+-+--------------+------------+----------+
+-+--------------+------------+----------+
---------------------------------------------------------------------------------
Start RTL Component Statistics 
---------------------------------------------------------------------------------
Detailed RTL Component Info : 
+---Adders : 
	   2 Input     23 Bit       Adders := 1     
	   2 Input      8 Bit       Adders := 1     
+---Registers : 
	               23 Bit    Registers := 1     
	                8 Bit    Registers := 1     
---------------------------------------------------------------------------------
Finished RTL Component Statistics 
---------------------------------------------------------------------------------
---------------------------------------------------------------------------------
Start RTL Hierarchical Component Statistics 
---------------------------------------------------------------------------------
Hierarchical RTL Component report 
Module clk_div_rtl 
Detailed RTL Component Info : 
+---Adders : 
	   2 Input     23 Bit       Adders := 1     
+---Registers : 
	               23 Bit    Registers := 1     
Module counter_8bit 
Detailed RTL Component Info : 
+---Adders : 
	   2 Input      8 Bit       Adders := 1     
+---Registers : 
	                8 Bit    Registers := 1     
---------------------------------------------------------------------------------
Finished RTL Hierarchical Component Statistics
---------------------------------------------------------------------------------
---------------------------------------------------------------------------------
Start Part Resource Summary
---------------------------------------------------------------------------------
Part Resources:
DSPs: 220 (col length:60)
BRAMs: 280 (col length: RAMB18 60 RAMB36 30)
---------------------------------------------------------------------------------
Finished Part Resource Summary
---------------------------------------------------------------------------------
---------------------------------------------------------------------------------
Start Cross Boundary and Area Optimization
---------------------------------------------------------------------------------
Warning: Parallel synthesis criteria is not met 
---------------------------------------------------------------------------------
Finished Cross Boundary and Area Optimization : Time (s): cpu = 00:00:10 ; elapsed = 00:00:14 . Memory (MB): peak = 2096.508 ; gain = 362.031 ; free physical = 196 ; free virtual = 5521
---------------------------------------------------------------------------------

Report RTL Partitions: 
+-+--------------+------------+----------+
| |RTL Partition |Replication |Instances |
+-+--------------+------------+----------+
+-+--------------+------------+----------+
---------------------------------------------------------------------------------
Start Applying XDC Timing Constraints
---------------------------------------------------------------------------------
INFO: [Synth 8-5578] Moved timing constraint from pin 'tc/instance_name/clk_8Mhz' to pin 'tc/instance_name/bbstub_clk_8Mhz/O'
INFO: [Synth 8-5819] Moved 1 constraints on hierarchical pins to their respective driving/loading pins
---------------------------------------------------------------------------------
Finished Applying XDC Timing Constraints : Time (s): cpu = 00:00:17 ; elapsed = 00:00:21 . Memory (MB): peak = 2096.508 ; gain = 362.031 ; free physical = 136 ; free virtual = 5418
---------------------------------------------------------------------------------
---------------------------------------------------------------------------------
Start Timing Optimization
---------------------------------------------------------------------------------
---------------------------------------------------------------------------------
Finished Timing Optimization : Time (s): cpu = 00:00:17 ; elapsed = 00:00:21 . Memory (MB): peak = 2096.508 ; gain = 362.031 ; free physical = 136 ; free virtual = 5418
---------------------------------------------------------------------------------

Report RTL Partitions: 
+-+--------------+------------+----------+
| |RTL Partition |Replication |Instances |
+-+--------------+------------+----------+
+-+--------------+------------+----------+
---------------------------------------------------------------------------------
Start Technology Mapping
---------------------------------------------------------------------------------
---------------------------------------------------------------------------------
Finished Technology Mapping : Time (s): cpu = 00:00:17 ; elapsed = 00:00:21 . Memory (MB): peak = 2096.508 ; gain = 362.031 ; free physical = 135 ; free virtual = 5416
---------------------------------------------------------------------------------

Report RTL Partitions: 
+-+--------------+------------+----------+
| |RTL Partition |Replication |Instances |
+-+--------------+------------+----------+
+-+--------------+------------+----------+
---------------------------------------------------------------------------------
Start IO Insertion
---------------------------------------------------------------------------------
---------------------------------------------------------------------------------
Start Flattening Before IO Insertion
---------------------------------------------------------------------------------
---------------------------------------------------------------------------------
Finished Flattening Before IO Insertion
---------------------------------------------------------------------------------
---------------------------------------------------------------------------------
Start Final Netlist Cleanup
---------------------------------------------------------------------------------
---------------------------------------------------------------------------------
Finished Final Netlist Cleanup
---------------------------------------------------------------------------------
---------------------------------------------------------------------------------
Finished IO Insertion : Time (s): cpu = 00:00:18 ; elapsed = 00:00:22 . Memory (MB): peak = 2096.508 ; gain = 362.031 ; free physical = 141 ; free virtual = 5413
---------------------------------------------------------------------------------

Report Check Netlist: 
+------+------------------+-------+---------+-------+------------------+
|      |Item              |Errors |Warnings |Status |Description       |
+------+------------------+-------+---------+-------+------------------+
|1     |multi_driven_nets |      0|        0|Passed |Multi driven nets |
+------+------------------+-------+---------+-------+------------------+
---------------------------------------------------------------------------------
Start Renaming Generated Instances
---------------------------------------------------------------------------------
---------------------------------------------------------------------------------
Finished Renaming Generated Instances : Time (s): cpu = 00:00:18 ; elapsed = 00:00:22 . Memory (MB): peak = 2096.508 ; gain = 362.031 ; free physical = 141 ; free virtual = 5413
---------------------------------------------------------------------------------

Report RTL Partitions: 
+-+--------------+------------+----------+
| |RTL Partition |Replication |Instances |
+-+--------------+------------+----------+
+-+--------------+------------+----------+
---------------------------------------------------------------------------------
Start Rebuilding User Hierarchy
---------------------------------------------------------------------------------
---------------------------------------------------------------------------------
Finished Rebuilding User Hierarchy : Time (s): cpu = 00:00:18 ; elapsed = 00:00:22 . Memory (MB): peak = 2096.508 ; gain = 362.031 ; free physical = 141 ; free virtual = 5413
---------------------------------------------------------------------------------
---------------------------------------------------------------------------------
Start Renaming Generated Ports
---------------------------------------------------------------------------------
---------------------------------------------------------------------------------
Finished Renaming Generated Ports : Time (s): cpu = 00:00:18 ; elapsed = 00:00:22 . Memory (MB): peak = 2096.508 ; gain = 362.031 ; free physical = 141 ; free virtual = 5413
---------------------------------------------------------------------------------
---------------------------------------------------------------------------------
Start Handling Custom Attributes
---------------------------------------------------------------------------------
---------------------------------------------------------------------------------
Finished Handling Custom Attributes : Time (s): cpu = 00:00:18 ; elapsed = 00:00:22 . Memory (MB): peak = 2096.508 ; gain = 362.031 ; free physical = 141 ; free virtual = 5413
---------------------------------------------------------------------------------
---------------------------------------------------------------------------------
Start Renaming Generated Nets
---------------------------------------------------------------------------------
---------------------------------------------------------------------------------
Finished Renaming Generated Nets : Time (s): cpu = 00:00:18 ; elapsed = 00:00:22 . Memory (MB): peak = 2096.508 ; gain = 362.031 ; free physical = 141 ; free virtual = 5413
---------------------------------------------------------------------------------
---------------------------------------------------------------------------------
Start Writing Synthesis Report
---------------------------------------------------------------------------------

Report BlackBoxes: 
+------+--------------+----------+
|      |BlackBox name |Instances |
+------+--------------+----------+
|1     |clk_div_cmt   |         1|
|2     |vio_0         |         1|
+------+--------------+----------+

Report Cell Usage: 
+------+------------+------+
|      |Cell        |Count |
+------+------------+------+
|1     |clk_div_cmt |     1|
|2     |vio_0       |     1|
+------+------------+------+

Report Instance Areas: 
+------+---------+------------+------+
|      |Instance |Module      |Cells |
+------+---------+------------+------+
|1     |top      |            |     2|
|2     |  tc     |top_counter |     1|
+------+---------+------------+------+
---------------------------------------------------------------------------------
Finished Writing Synthesis Report : Time (s): cpu = 00:00:18 ; elapsed = 00:00:22 . Memory (MB): peak = 2096.508 ; gain = 362.031 ; free physical = 141 ; free virtual = 5413
---------------------------------------------------------------------------------
Synthesis finished with 0 errors, 0 critical warnings and 0 warnings.
Synthesis Optimization Runtime : Time (s): cpu = 00:00:16 ; elapsed = 00:00:20 . Memory (MB): peak = 2096.508 ; gain = 213.375 ; free physical = 192 ; free virtual = 5464
Synthesis Optimization Complete : Time (s): cpu = 00:00:18 ; elapsed = 00:00:22 . Memory (MB): peak = 2096.508 ; gain = 362.031 ; free physical = 192 ; free virtual = 5464
INFO: [Project 1-571] Translating synthesized netlist
INFO: [Project 1-570] Preparing netlist for logic optimization
INFO: [Opt 31-138] Pushed 0 inverter(s) to 0 load pin(s).
Netlist sorting complete. Time (s): cpu = 00:00:00 ; elapsed = 00:00:00 . Memory (MB): peak = 2096.508 ; gain = 0.000 ; free physical = 188 ; free virtual = 5418
INFO: [Project 1-111] Unisim Transformation Summary:
No Unisim elements were transformed.

INFO: [Common 17-83] Releasing license: Synthesis
26 Infos, 4 Warnings, 0 Critical Warnings and 0 Errors encountered.
synth_design completed successfully
synth_design: Time (s): cpu = 00:00:23 ; elapsed = 00:00:27 . Memory (MB): peak = 2096.508 ; gain = 591.562 ; free physical = 271 ; free virtual = 5501
Netlist sorting complete. Time (s): cpu = 00:00:00 ; elapsed = 00:00:00 . Memory (MB): peak = 2096.508 ; gain = 0.000 ; free physical = 271 ; free virtual = 5501
WARNING: [Constraints 18-5210] No constraints selected for write.
Resolution: This message can indicate that there are no constraints for the design, or it can indicate that the used_in flags are set such that the constraints are ignored. This later case is used when running synth_design to not write synthesis constraints to the resulting checkpoint. Instead, project constraints are read when the synthesized design is opened.
INFO: [Common 17-1381] The checkpoint '/home/vs/funtion/verilog/ELD_LAB/HW3_downcounter/HW3_downcounter.runs/synth_1/Vio_wrapper.dcp' has been generated.
INFO: [runtcl-4] Executing : report_utilization -file Vio_wrapper_utilization_synth.rpt -pb Vio_wrapper_utilization_synth.pb
INFO: [Common 17-206] Exiting Vivado at Sat Sep  9 19:58:31 2023...
