09:40:21 INFO  : Registering command handlers for SDK TCF services
09:40:23 INFO  : Launching XSCT server: xsct -n -interactive /home/vs/funtion/verilog/ELD_LAB/LAB_8_ARM_BASIC/LAB_8_ARM_BASIC.sdk/temp_xsdb_launch_script.tcl
09:40:28 INFO  : XSCT server has started successfully.
09:40:28 INFO  : Successfully done setting XSCT server connection channel  
09:40:28 INFO  : Successfully done setting SDK workspace  
09:40:28 INFO  : Processing command line option -hwspec /home/vs/funtion/verilog/ELD_LAB/LAB_8_ARM_BASIC/LAB_8_ARM_BASIC.sdk/design_test_wrapper.hdf.
10:06:56 ERROR : (XSDB Server)invalid command name "jtabterminal"

10:07:04 ERROR : (XSDB Server)Invalid target. Use "connect" command to connect to hw_server/TCF agent

10:07:13 ERROR : (XSDB Server)invalid command name "run"

10:07:15 ERROR : (XSDB Server)wrong # args: should be "llength list"

10:10:54 INFO  : Connected to target on host '192.168.226.142' and port '56835'.
10:10:54 INFO  : Jtag cable 'Digilent Zed 210248685247' is selected.
10:10:54 INFO  : 'jtag frequency' command is executed.
10:10:54 INFO  : Sourcing of '/home/vs/funtion/verilog/ELD_LAB/LAB_8_ARM_BASIC/LAB_8_ARM_BASIC.sdk/design_test_wrapper_hw_platform_0/ps7_init.tcl' is done.
10:10:58 INFO  : Context for 'APU' is selected.
10:10:58 INFO  : System reset is completed.
10:11:01 INFO  : 'after 3000' command is executed.
10:11:01 ERROR : (XSDB Server)Target doesn't support Jtag Uart

10:11:01 INFO  : Context for 'APU' is selected.
10:11:01 INFO  : Hardware design information is loaded from '/home/vs/funtion/verilog/ELD_LAB/LAB_8_ARM_BASIC/LAB_8_ARM_BASIC.sdk/design_test_wrapper_hw_platform_0/system.hdf'.
10:11:01 INFO  : 'configparams force-mem-access 1' command is executed.
10:11:01 INFO  : Context for 'APU' is selected.
10:11:04 INFO  : 'ps7_init' command is executed.
10:11:04 INFO  : 'ps7_post_config' command is executed.
10:11:04 INFO  : 'configparams force-mem-access 0' command is executed.
10:11:04 INFO  : ----------------XSDB Script----------------
connect -url tcp:192.168.226.142:56835
source /home/vs/funtion/verilog/ELD_LAB/LAB_8_ARM_BASIC/LAB_8_ARM_BASIC.sdk/design_test_wrapper_hw_platform_0/ps7_init.tcl
targets -set -nocase -filter {name =~"APU*" && jtag_cable_name =~ "Digilent Zed 210248685247"} -index 0
rst -system
after 3000
targets -set -nocase -filter {name =~"APU*" && jtag_cable_name =~ "Digilent Zed 210248685247"} -index 0
loadhw -hw /home/vs/funtion/verilog/ELD_LAB/LAB_8_ARM_BASIC/LAB_8_ARM_BASIC.sdk/design_test_wrapper_hw_platform_0/system.hdf -mem-ranges [list {0x40000000 0xbfffffff}]
configparams force-mem-access 1
targets -set -nocase -filter {name =~"APU*" && jtag_cable_name =~ "Digilent Zed 210248685247"} -index 0
ps7_init
ps7_post_config
configparams force-mem-access 0
----------------End of Script----------------

10:11:04 INFO  : Launch script is exported to file '/home/vs/funtion/verilog/ELD_LAB/LAB_8_ARM_BASIC/LAB_8_ARM_BASIC.sdk/.sdk/launch_scripts/xilinx_c-c++_application_(system_debugger)/system_debugger_on_local.tcl'
10:11:10 ERROR : (XSDB Server)Target doesn't support Jtag Uart

10:11:12 ERROR : (XSDB Server)Target doesn't support Jtag Uart

10:11:22 ERROR : (XSDB Server)Target doesn't support Jtag Uart

10:11:58 ERROR : (XSDB Server)invalid command name "Jtagterminal"

10:12:02 ERROR : (XSDB Server)Target doesn't support Jtag Uart

10:14:25 INFO  : Disconnected from the channel tcfchan#1.
10:14:26 INFO  : Connected to target on host '192.168.226.142' and port '56835'.
10:14:27 INFO  : Jtag cable 'Digilent Zed 210248685247' is selected.
10:14:27 INFO  : 'jtag frequency' command is executed.
10:14:27 INFO  : Sourcing of '/home/vs/funtion/verilog/ELD_LAB/LAB_8_ARM_BASIC/LAB_8_ARM_BASIC.sdk/design_test_wrapper_hw_platform_0/ps7_init.tcl' is done.
10:14:27 INFO  : Context for 'APU' is selected.
10:14:27 INFO  : System reset is completed.
10:14:30 INFO  : 'after 3000' command is executed.
10:14:30 ERROR : (XSDB Server)Target doesn't support Jtag Uart

10:14:30 INFO  : Context for 'APU' is selected.
10:14:31 INFO  : Hardware design information is loaded from '/home/vs/funtion/verilog/ELD_LAB/LAB_8_ARM_BASIC/LAB_8_ARM_BASIC.sdk/design_test_wrapper_hw_platform_0/system.hdf'.
10:14:31 INFO  : 'configparams force-mem-access 1' command is executed.
10:14:31 INFO  : Context for 'APU' is selected.
10:14:34 INFO  : 'ps7_init' command is executed.
10:14:34 INFO  : 'ps7_post_config' command is executed.
10:14:34 INFO  : Context for processor 'ps7_cortexa9_0' is selected.
10:14:34 INFO  : The application '/home/vs/funtion/verilog/ELD_LAB/LAB_8_ARM_BASIC/LAB_8_ARM_BASIC.sdk/Lab8_hello_world/Debug/Lab8_hello_world.elf' is downloaded to processor 'ps7_cortexa9_0'.
10:14:34 INFO  : 'configparams force-mem-access 0' command is executed.
10:14:34 INFO  : ----------------XSDB Script----------------
connect -url tcp:192.168.226.142:56835
source /home/vs/funtion/verilog/ELD_LAB/LAB_8_ARM_BASIC/LAB_8_ARM_BASIC.sdk/design_test_wrapper_hw_platform_0/ps7_init.tcl
targets -set -nocase -filter {name =~"APU*" && jtag_cable_name =~ "Digilent Zed 210248685247"} -index 0
rst -system
after 3000
targets -set -nocase -filter {name =~"APU*" && jtag_cable_name =~ "Digilent Zed 210248685247"} -index 0
loadhw -hw /home/vs/funtion/verilog/ELD_LAB/LAB_8_ARM_BASIC/LAB_8_ARM_BASIC.sdk/design_test_wrapper_hw_platform_0/system.hdf -mem-ranges [list {0x40000000 0xbfffffff}]
configparams force-mem-access 1
targets -set -nocase -filter {name =~"APU*" && jtag_cable_name =~ "Digilent Zed 210248685247"} -index 0
ps7_init
ps7_post_config
targets -set -nocase -filter {name =~ "ARM*#0" && jtag_cable_name =~ "Digilent Zed 210248685247"} -index 0
dow /home/vs/funtion/verilog/ELD_LAB/LAB_8_ARM_BASIC/LAB_8_ARM_BASIC.sdk/Lab8_hello_world/Debug/Lab8_hello_world.elf
configparams force-mem-access 0
----------------End of Script----------------

10:14:34 INFO  : Context for processor 'ps7_cortexa9_0' is selected.
10:14:34 INFO  : 'con' command is executed.
10:14:34 INFO  : ----------------XSDB Script (After Launch)----------------
targets -set -nocase -filter {name =~ "ARM*#0" && jtag_cable_name =~ "Digilent Zed 210248685247"} -index 0
con
----------------End of Script----------------

10:14:34 INFO  : Launch script is exported to file '/home/vs/funtion/verilog/ELD_LAB/LAB_8_ARM_BASIC/LAB_8_ARM_BASIC.sdk/.sdk/launch_scripts/xilinx_c-c++_application_(system_debugger)/system_debugger_on_local.tcl'
10:14:42 ERROR : (XSDB Server)couldn't execute "xterm": no such file or directory

10:15:09 ERROR : (XSDB Server)couldn't execute "xterm": no such file or directory

10:15:23 WARN  : channel "tcfchan#2" closed
10:16:40 ERROR : (XSDB Server)Invalid target. Use "connect" command to connect to hw_server/TCF agent

22:01:32 INFO  : Registering command handlers for SDK TCF services
22:01:34 INFO  : Launching XSCT server: xsct -n -interactive /home/vs/funtion/verilog/ELD_LAB/LAB_8_ARM_BASIC/LAB_8_ARM_BASIC.sdk/temp_xsdb_launch_script.tcl
22:01:37 INFO  : XSCT server has started successfully.
22:01:37 INFO  : Successfully done setting XSCT server connection channel  
22:01:37 INFO  : Successfully done setting SDK workspace  
22:01:37 INFO  : Processing command line option -hwspec /home/vs/funtion/verilog/ELD_LAB/LAB_8_ARM_BASIC/LAB_8_ARM_BASIC.sdk/design_test_wrapper.hdf.
22:01:37 INFO  : Checking for hwspec changes in the project design_test_wrapper_hw_platform_0.
22:16:42 INFO  : Refreshed build settings on project Lab8_hello_world
22:18:56 ERROR : (XSDB Server)Invalid target. Use "connect" command to connect to hw_server/TCF agent

22:19:01 ERROR : (XSDB Server)Invalid target. Use "targets" command to select a target

22:19:22 ERROR : (XSDB Server)Invalid target. Use "targets" command to select a target

22:19:44 INFO  : No changes in MSS file content so not generating sources.
22:20:09 ERROR : (XSDB Server)Invalid target. Use "targets" command to select a target

22:20:32 ERROR : (XSDB Server)no target with id: list

22:20:46 ERROR : (XSDB Server)no target with id: 56193

22:24:56 ERROR : (XSDB Server)Invalid target. Use "targets" command to select a target

22:25:34 ERROR : (XSDB Server)child process exited abnormally

22:27:56 INFO  : Connected to target on host '192.168.226.142' and port '56193'.
22:31:57 WARN  : Couldn't find target with name: test
22:33:17 ERROR : Failed to redirect connection to hardware server on host '192.168.226.142' and port '56193'.
Reason: Connection refused
22:33:17 INFO  : ----------------XSDB Script----------------
connect -path [list tcp::1534 tcp:192.168.226.142:56193]
----------------End of Script----------------

22:34:39 ERROR : (XSDB Server)Invalid target. Use "targets" command to select a target

22:37:04 ERROR : (XSDB Server)invalid channel: "curchansave"

22:37:18 ERROR : (XSDB Server)Invalid target. Use "targets" command to select a target

22:37:21 ERROR : (XSDB Server)invalid channel: "curchansave"

22:38:32 ERROR : (XSDB Server)invalid channel: "curchansave"

22:38:51 ERROR : (XSDB Server)invalid channel: "curchansave"

22:38:58 ERROR : (XSDB Server)invalid channel: "curchansave"

22:39:12 ERROR : (XSDB Server)invalid command name "curchansave"

22:39:20 ERROR : (XSDB Server)invalid command name "Lab8_hello_world"

22:39:28 ERROR : (XSDB Server)invalid command name "helloworld.c"

22:39:34 ERROR : (XSDB Server)Invalid target. Use "targets" command to select a target

22:48:27 ERROR : (XSDB Server)Invalid target. Use "targets" command to select a target

22:48:33 ERROR : (XSDB Server)Invalid target. Use "targets" command to select a target

22:48:35 ERROR : (XSDB Server)invalid command name "show"

22:48:38 ERROR : (XSDB Server)wrong # args: should be "llength list"

22:48:42 ERROR : (XSDB Server)ambiguous command name "l": lappend lassign lindex linsert list llength load loadhw locals lrange lrepeat lreplace lreverse lsearch lset lsort

22:48:55 INFO  : No changes in MSS file content so not generating sources.
22:49:20 INFO  : Connected through redirection to target on host '192.168.226.142' and port '50799'.
22:49:27 ERROR : (XSDB Server)Invalid target. Use "targets" command to select a target

22:49:36 ERROR : (XSDB Server)Invalid target. Use "targets" command to select a target

22:49:36 INFO  : ----------------XSDB Script----------------
connect -path [list tcp::1534 tcp:192.168.226.142:50799]
----------------End of Script----------------

22:52:25 INFO  : Connected to target on host '192.168.226.142' and port '50799'.
22:52:39 ERROR : (XSDB Server)Invalid target. Use "targets" command to select a target

22:52:41 ERROR : (XSDB Server)Invalid target. Use "targets" command to select a target

22:52:42 ERROR : (XSDB Server)Invalid target. Use "targets" command to select a target

22:52:43 ERROR : (XSDB Server)Invalid target. Use "targets" command to select a target

