#-----------------------------------------------------------
# Webtalk v2019.1 (64-bit)
# SW Build 2552052 on Fri May 24 14:47:09 MDT 2019
# 
# Start of session at: Tue Oct 31 14:23:47 2023
# Process ID: 263858
# Current directory: /home/vs/funtion/verilog/ELD_LAB/LAB_8_ARM_BASIC/LAB_8_ARM_BASIC.sdk/webtalk
# Command line: wbtcv -mode batch -source sdk_webtalk.tcl
# Log file: /home/vs/funtion/verilog/ELD_LAB/LAB_8_ARM_BASIC/LAB_8_ARM_BASIC.sdk/webtalk/webtalk.log
# Journal file: /home/vs/funtion/verilog/ELD_LAB/LAB_8_ARM_BASIC/LAB_8_ARM_BASIC.sdk/webtalk/webtalk.jou
#-----------------------------------------------------------
source sdk_webtalk.tcl
# webtalk_init -webtalk_dir /home/vs/funtion/verilog/ELD_LAB/LAB_8_ARM_BASIC/LAB_8_ARM_BASIC.sdk/webtalk
# webtalk_register_client -client project
# webtalk_add_data -client project -key date_generated -value "2023-10-31 14:23:45" -context "software_version_and_target_device"
# webtalk_add_data -client project -key product_version -value "SDK v2019.1" -context "software_version_and_target_device"
# webtalk_add_data -client project -key build_version -value "2019.1" -context "software_version_and_target_device"
# webtalk_add_data -client project -key os_platform -value "amd64" -context "software_version_and_target_device"
# webtalk_add_data -client project -key registration_id -value "" -context "software_version_and_target_device"
# webtalk_add_data -client project -key tool_flow -value "SDK" -context "software_version_and_target_device"
# webtalk_add_data -client project -key beta -value "false" -context "software_version_and_target_device"
# webtalk_add_data -client project -key route_design -value "NA" -context "software_version_and_target_device"
# webtalk_add_data -client project -key target_family -value "NA" -context "software_version_and_target_device"
# webtalk_add_data -client project -key target_device -value "NA" -context "software_version_and_target_device"
# webtalk_add_data -client project -key target_package -value "NA" -context "software_version_and_target_device"
# webtalk_add_data -client project -key target_speed -value "NA" -context "software_version_and_target_device"
# webtalk_add_data -client project -key random_id -value "t41jr00ocv9umvtdct1di9noqg" -context "software_version_and_target_device"
# webtalk_add_data -client project -key project_id -value "2019.1_1" -context "software_version_and_target_device"
# webtalk_add_data -client project -key project_iteration -value "1" -context "software_version_and_target_device"
# webtalk_add_data -client project -key os_name -value "Ubuntu" -context "user_environment"
# webtalk_add_data -client project -key os_release -value "Ubuntu 22.04.3 LTS" -context "user_environment"
# webtalk_add_data -client project -key cpu_name -value "Intel(R) Core(TM) i5-9300H CPU @ 2.40GHz" -context "user_environment"
# webtalk_add_data -client project -key cpu_speed -value "3102.072 MHz" -context "user_environment"
# webtalk_add_data -client project -key total_processors -value "1" -context "user_environment"
# webtalk_add_data -client project -key system_ram -value "8.146 GB" -context "user_environment"
# webtalk_register_client -client sdk
# webtalk_add_data -client sdk -key uid -value "1698725432000" -context "sdk\\\\hardware/1698725432000"
# webtalk_add_data -client sdk -key isZynq -value "true" -context "sdk\\\\hardware/1698725432000"
# webtalk_add_data -client sdk -key isZynqMP -value "false" -context "sdk\\\\hardware/1698725432000"
# webtalk_add_data -client sdk -key Processors -value "2" -context "sdk\\\\hardware/1698725432000"
# webtalk_add_data -client sdk -key VivadoVersion -value "2019.1" -context "sdk\\\\hardware/1698725432000"
# webtalk_add_data -client sdk -key Arch -value "zynq" -context "sdk\\\\hardware/1698725432000"
# webtalk_add_data -client sdk -key Device -value "7z020" -context "sdk\\\\hardware/1698725432000"
# webtalk_add_data -client sdk -key IsHandoff -value "true" -context "sdk\\\\hardware/1698725432000"
# webtalk_add_data -client sdk -key os -value "NA" -context "sdk\\\\hardware/1698725432000"
# webtalk_add_data -client sdk -key apptemplate -value "NA" -context "sdk\\\\hardware/1698725432000"
# webtalk_add_data -client sdk -key RecordType -value "HWCreation" -context "sdk\\\\hardware/1698725432000"
# webtalk_add_data -client sdk -key uid -value "1698726181000" -context "sdk\\\\bsp/1698726181000"
# webtalk_add_data -client sdk -key hwid -value "1698725432000" -context "sdk\\\\bsp/1698726181000"
# webtalk_add_data -client sdk -key os -value "standalone" -context "sdk\\\\bsp/1698726181000"
# webtalk_add_data -client sdk -key apptemplate -value "hello_world" -context "sdk\\\\bsp/1698726181000"
# webtalk_add_data -client sdk -key RecordType -value "BSPCreation" -context "sdk\\\\bsp/1698726181000"
# webtalk_add_data -client sdk -key uid -value "1698726183000" -context "sdk\\\\application/1698726183000"
# webtalk_add_data -client sdk -key hwid -value "1698725432000" -context "sdk\\\\application/1698726183000"
# webtalk_add_data -client sdk -key bspid -value "1698726181000" -context "sdk\\\\application/1698726183000"
# webtalk_add_data -client sdk -key newbsp -value "true" -context "sdk\\\\application/1698726183000"
# webtalk_add_data -client sdk -key os -value "standalone" -context "sdk\\\\application/1698726183000"
# webtalk_add_data -client sdk -key apptemplate -value "hello_world" -context "sdk\\\\application/1698726183000"
# webtalk_add_data -client sdk -key RecordType -value "APPCreation" -context "sdk\\\\application/1698726183000"
# webtalk_add_data -client sdk -key LangUsed -value "C" -context "sdk\\\\application/1698726183000"
# webtalk_add_data -client sdk -key Procused -value "ps7_cortexa9" -context "sdk\\\\application/1698726183000"
# webtalk_add_data -client sdk -key projSize -value "190.02734375" -context "sdk\\\\application/1698726183000"
# webtalk_add_data -client sdk -key uid -value "NA" -context "sdk\\\\bsp/1698742425311"
# webtalk_add_data -client sdk -key RecordType -value "ToolUsage" -context "sdk\\\\bsp/1698742425311"
# webtalk_add_data -client sdk -key BootgenCount -value "0" -context "sdk\\\\bsp/1698742425311"
# webtalk_add_data -client sdk -key DebugCount -value "3" -context "sdk\\\\bsp/1698742425311"
# webtalk_add_data -client sdk -key PerfCount -value "0" -context "sdk\\\\bsp/1698742425311"
# webtalk_add_data -client sdk -key FlashCount -value "0" -context "sdk\\\\bsp/1698742425311"
# webtalk_add_data -client sdk -key CrossTriggCount -value "0" -context "sdk\\\\bsp/1698742425311"
# webtalk_add_data -client sdk -key QemuDebugCount -value "0" -context "sdk\\\\bsp/1698742425311"
# webtalk_transmit -clientid 485813558 -regid "" -xml /home/vs/funtion/verilog/ELD_LAB/LAB_8_ARM_BASIC/LAB_8_ARM_BASIC.sdk/webtalk/usage_statistics_ext_sdk.xml -html /home/vs/funtion/verilog/ELD_LAB/LAB_8_ARM_BASIC/LAB_8_ARM_BASIC.sdk/webtalk/usage_statistics_ext_sdk.html -wdm /home/vs/funtion/verilog/ELD_LAB/LAB_8_ARM_BASIC/LAB_8_ARM_BASIC.sdk/webtalk/sdk_webtalk.wdm -intro "<H3>SDK Usage Report</H3><BR>"
# webtalk_terminate
INFO: [Common 17-206] Exiting Webtalk at Tue Oct 31 14:23:48 2023...
