21:18:53 INFO  : Registering command handlers for SDK TCF services
21:18:54 INFO  : Launching XSCT server: xsct -n -interactive /home/vs/funtion/verilog/ELD_LAB/HW8_ARM_2x2matrix_into/HW8_ARM_2x2matrix_into.sdk/temp_xsdb_launch_script.tcl
21:18:57 INFO  : XSCT server has started successfully.
21:18:57 INFO  : Successfully done setting XSCT server connection channel  
21:18:57 INFO  : Successfully done setting SDK workspace  
21:18:57 INFO  : Processing command line option -hwspec /home/vs/funtion/verilog/ELD_LAB/HW8_ARM_2x2matrix_into/HW8_ARM_2x2matrix_into.sdk/test_wrapper.hdf.
22:07:23 INFO  : Launching XSCT server: xsct -n -interactive /home/vs/funtion/verilog/ELD_LAB/HW8_ARM_2x2matrix_into/HW8_ARM_2x2matrix_into.sdk/temp_xsdb_launch_script.tcl
22:07:25 INFO  : XSCT server has started successfully.
22:07:25 INFO  : Successfully done setting XSCT server connection channel  
22:07:29 INFO  : Successfully done setting SDK workspace  
22:07:30 INFO  : Registering command handlers for SDK TCF services
22:07:31 INFO  : Processing command line option -hwspec /home/vs/funtion/verilog/ELD_LAB/HW8_ARM_2x2matrix_into/HW8_ARM_2x2matrix_into.sdk/test_wrapper.hdf.
22:07:32 INFO  : Checking for hwspec changes in the project test_wrapper_hw_platform_0.
22:07:32 INFO  : SDK has detected change in the last modified timestamps for source hardware specification file Source:1699115830000,  Project:1699112904000
22:07:32 INFO  : The hardware specification for project 'test_wrapper_hw_platform_0' is different from /home/vs/funtion/verilog/ELD_LAB/HW8_ARM_2x2matrix_into/HW8_ARM_2x2matrix_into.sdk/test_wrapper.hdf.
22:07:32 INFO  : Copied contents of /home/vs/funtion/verilog/ELD_LAB/HW8_ARM_2x2matrix_into/HW8_ARM_2x2matrix_into.sdk/test_wrapper.hdf into /test_wrapper_hw_platform_0/system.hdf.
22:07:35 INFO  : Synchronizing projects in the workspace with the hardware platform specification changes.
22:07:36 INFO  : Clearing existing target manager status.
22:07:36 INFO  : Workspace synchronized with the new hardware specification file. Cleaning dependent projects...
22:07:36 WARN  : Linker script will not be updated automatically. Users need to update it manually.
22:09:55 ERROR : Failed to connect to hardware server on host '192.168.226.142' and port '58636'.
Reason: Connection refused
22:12:16 ERROR : (XSDB Server)Invalid target. Use "connect" command to connect to hw_server/TCF agent

22:12:26 ERROR : (XSDB Server)Invalid target. Use "targets" command to select a target

22:12:39 ERROR : (XSDB Server)Invalid target. Use "targets" command to select a target

22:27:08 ERROR : (XSDB Server)Invalid target. Use "targets" command to select a target

10:01:38 INFO  : Registering command handlers for SDK TCF services
10:01:40 INFO  : Launching XSCT server: xsct -n -interactive /home/vs/funtion/verilog/ELD_LAB/HW8_ARM_2x2matrix_into/HW8_ARM_2x2matrix_into.sdk/temp_xsdb_launch_script.tcl
10:01:44 INFO  : XSCT server has started successfully.
10:01:44 INFO  : Successfully done setting XSCT server connection channel  
10:01:44 INFO  : Successfully done setting SDK workspace  
10:01:44 INFO  : Processing command line option -hwspec /home/vs/funtion/verilog/ELD_LAB/HW8_ARM_2x2matrix_into/HW8_ARM_2x2matrix_into.sdk/test_wrapper.hdf.
10:01:45 INFO  : Checking for hwspec changes in the project test_wrapper_hw_platform_0.
